2022-02-19 16:19:39.0937|INFO|Microsoft.EntityFrameworkCore.Database.Command|Executed DbCommand (40ms) [Parameters=[@__normalizedUserName_0='TEST1' (Size = 5)], CommandType='Text', CommandTimeout='30']
SELECT "a"."Id", "a"."AccessFailedCount", "a"."ConcurrencyStamp", "a"."Email", "a"."EmailConfirmed", "a"."LockoutEnabled", "a"."LockoutEnd", "a"."NormalizedEmail", "a"."NormalizedUserName", "a"."PasswordHash", "a"."PhoneNumber", "a"."PhoneNumberConfirmed", "a"."SecurityStamp", "a"."TwoFactorEnabled", "a"."UserName"
FROM "AspNetUsers" AS "a"
WHERE "a"."NormalizedUserName" = @__normalizedUserName_0
LIMIT 1
2022-02-19 16:19:39.3490|INFO|Microsoft.EntityFrameworkCore.Database.Command|Executed DbCommand (2ms) [Parameters=[@__userId_0='9be5b572-9627-452a-b7ed-0ab187dbe1ca' (Size = 36)], CommandType='Text', CommandTimeout='30']
SELECT "a0"."Name"
FROM "AspNetUserRoles" AS "a"
INNER JOIN "AspNetRoles" AS "a0" ON "a"."RoleId" = "a0"."Id"
WHERE "a"."UserId" = @__userId_0
2022-02-19 16:22:04.6723|INFO|Microsoft.EntityFrameworkCore.Database.Command|Executed DbCommand (3ms) [Parameters=[@__normalizedUserName_0='TEST1' (Size = 5)], CommandType='Text', CommandTimeout='30']
SELECT "a"."Id", "a"."AccessFailedCount", "a"."ConcurrencyStamp", "a"."Email", "a"."EmailConfirmed", "a"."LockoutEnabled", "a"."LockoutEnd", "a"."NormalizedEmail", "a"."NormalizedUserName", "a"."PasswordHash", "a"."PhoneNumber", "a"."PhoneNumberConfirmed", "a"."SecurityStamp", "a"."TwoFactorEnabled", "a"."UserName"
FROM "AspNetUsers" AS "a"
WHERE "a"."NormalizedUserName" = @__normalizedUserName_0
LIMIT 1
2022-02-19 16:22:04.6942|INFO|Microsoft.EntityFrameworkCore.Database.Command|Executed DbCommand (2ms) [Parameters=[@__userId_0='9be5b572-9627-452a-b7ed-0ab187dbe1ca' (Size = 36)], CommandType='Text', CommandTimeout='30']
SELECT "a0"."Name"
FROM "AspNetUserRoles" AS "a"
INNER JOIN "AspNetRoles" AS "a0" ON "a"."RoleId" = "a0"."Id"
WHERE "a"."UserId" = @__userId_0
2022-02-19 17:55:25.9572|0|INFO|Microsoft.EntityFrameworkCore.Database.Command|Executed DbCommand (46ms) [Parameters=[@__normalizedUserName_0='TEST1' (Size = 5)], CommandType='Text', CommandTimeout='30']
SELECT "a"."Id", "a"."AccessFailedCount", "a"."ConcurrencyStamp", "a"."Email", "a"."EmailConfirmed", "a"."LockoutEnabled", "a"."LockoutEnd", "a"."NormalizedEmail", "a"."NormalizedUserName", "a"."PasswordHash", "a"."PhoneNumber", "a"."PhoneNumberConfirmed", "a"."SecurityStamp", "a"."TwoFactorEnabled", "a"."UserName"
FROM "AspNetUsers" AS "a"
WHERE "a"."NormalizedUserName" = @__normalizedUserName_0
LIMIT 1 |url: https://localhost/auth/login|action: Login|Microsoft.EntityFrameworkCore.Diagnostics.EventDefinition`6.Log
2022-02-19 17:55:26.3329|0|INFO|Microsoft.EntityFrameworkCore.Database.Command|Executed DbCommand (5ms) [Parameters=[@__userId_0='9be5b572-9627-452a-b7ed-0ab187dbe1ca' (Size = 36)], CommandType='Text', CommandTimeout='30']
SELECT "a0"."Name"
FROM "AspNetUserRoles" AS "a"
INNER JOIN "AspNetRoles" AS "a0" ON "a"."RoleId" = "a0"."Id"
WHERE "a"."UserId" = @__userId_0 |url: https://localhost/auth/login|action: Login|Microsoft.EntityFrameworkCore.Diagnostics.EventDefinition`6.Log
2022-02-19 18:01:14.6390|0|INFO|Microsoft.EntityFrameworkCore.Database.Command|Executed DbCommand (73ms) [Parameters=[@__date_Date_0='2022-02-12T00:00:00.0000000' (DbType = DateTime)], CommandType='Text', CommandTimeout='30']
SELECT "p"."Id", "p"."BeerMarkId", "p"."Date", "p"."Produced", "p"."Target", "b"."Id", "b"."Name"
FROM "ProductionStatictics" AS "p"
INNER JOIN "BeerMarks" AS "b" ON "p"."BeerMarkId" = "b"."Id"
WHERE rtrim(rtrim(strftime('%Y-%m-%d %H:%M:%f', "p"."Date", 'start of day'), '0'), '.') = @__date_Date_0 |url: https://localhost/statistic/getStat|action: GetStatistic|Microsoft.EntityFrameworkCore.Diagnostics.EventDefinition`6.Log
2022-02-19 18:01:22.6134|0|INFO|Microsoft.EntityFrameworkCore.Database.Command|Executed DbCommand (3ms) [Parameters=[@__date_Date_0='2022-02-19T00:00:00.0000000+03:00' (DbType = DateTime), @__beerMarkId_1='1'], CommandType='Text', CommandTimeout='30']
SELECT "p"."Id", "p"."BeerMarkId", "p"."Date", "p"."Produced", "p"."Target"
FROM "ProductionStatictics" AS "p"
WHERE (rtrim(rtrim(strftime('%Y-%m-%d %H:%M:%f', "p"."Date", 'start of day'), '0'), '.') = @__date_Date_0) AND ("p"."BeerMarkId" = @__beerMarkId_1)
LIMIT 1 |url: https://localhost/statistic/addStartStat|action: AddStartStatistic|Microsoft.EntityFrameworkCore.Diagnostics.EventDefinition`6.Log
2022-02-19 18:01:22.9444|0|INFO|Microsoft.EntityFrameworkCore.Database.Command|Executed DbCommand (10ms) [Parameters=[@p0='1', @p1='2022-02-19T18:01:22.6328857+03:00' (DbType = DateTime), @p2='0', @p3='500'], CommandType='Text', CommandTimeout='30']
INSERT INTO "ProductionStatictics" ("BeerMarkId", "Date", "Produced", "Target")
VALUES (@p0, @p1, @p2, @p3);
SELECT "Id"
FROM "ProductionStatictics"
WHERE changes() = 1 AND "rowid" = last_insert_rowid(); |url: https://localhost/statistic/addStartStat|action: AddStartStatistic|Microsoft.EntityFrameworkCore.Diagnostics.EventDefinition`6.Log
2022-02-19 18:01:28.0163|0|INFO|Microsoft.EntityFrameworkCore.Database.Command|Executed DbCommand (2ms) [Parameters=[@__date_Date_0='2022-02-19T00:00:00.0000000+03:00' (DbType = DateTime), @__beerMarkId_1='2'], CommandType='Text', CommandTimeout='30']
SELECT "p"."Id", "p"."BeerMarkId", "p"."Date", "p"."Produced", "p"."Target"
FROM "ProductionStatictics" AS "p"
WHERE (rtrim(rtrim(strftime('%Y-%m-%d %H:%M:%f', "p"."Date", 'start of day'), '0'), '.') = @__date_Date_0) AND ("p"."BeerMarkId" = @__beerMarkId_1)
LIMIT 1 |url: https://localhost/statistic/addFinalStat|action: AddFinalStatistic|Microsoft.EntityFrameworkCore.Diagnostics.EventDefinition`6.Log
2022-02-19 18:06:46.1250|0|INFO|Microsoft.EntityFrameworkCore.Database.Command|Executed DbCommand (7ms) [Parameters=[@__date_Date_0='2022-02-19T00:00:00.0000000' (DbType = DateTime)], CommandType='Text', CommandTimeout='30']
SELECT "p"."Id", "p"."BeerMarkId", "p"."Date", "p"."Produced", "p"."Target", "b"."Id", "b"."Name"
FROM "ProductionStatictics" AS "p"
INNER JOIN "BeerMarks" AS "b" ON "p"."BeerMarkId" = "b"."Id"
WHERE rtrim(rtrim(strftime('%Y-%m-%d %H:%M:%f', "p"."Date", 'start of day'), '0'), '.') = @__date_Date_0 |url: https://localhost/statistic/getStat|action: GetStatistic|Microsoft.EntityFrameworkCore.Diagnostics.EventDefinition`6.Log
2022-02-19 18:06:48.3910|0|INFO|Microsoft.EntityFrameworkCore.Database.Command|Executed DbCommand (2ms) [Parameters=[@__date_Date_0='2022-02-19T00:00:00.0000000' (DbType = DateTime)], CommandType='Text', CommandTimeout='30']
SELECT "p"."Id", "p"."BeerMarkId", "p"."Date", "p"."Produced", "p"."Target", "b"."Id", "b"."Name"
FROM "ProductionStatictics" AS "p"
INNER JOIN "BeerMarks" AS "b" ON "p"."BeerMarkId" = "b"."Id"
WHERE rtrim(rtrim(strftime('%Y-%m-%d %H:%M:%f', "p"."Date", 'start of day'), '0'), '.') = @__date_Date_0 |url: https://localhost/statistic/getStat|action: GetStatistic|Microsoft.EntityFrameworkCore.Diagnostics.EventDefinition`6.Log
2022-02-19 18:06:50.1276|0|INFO|Microsoft.EntityFrameworkCore.Database.Command|Executed DbCommand (3ms) [Parameters=[@__date_Date_0='2022-02-03T00:00:00.0000000' (DbType = DateTime)], CommandType='Text', CommandTimeout='30']
SELECT "p"."Id", "p"."BeerMarkId", "p"."Date", "p"."Produced", "p"."Target", "b"."Id", "b"."Name"
FROM "ProductionStatictics" AS "p"
INNER JOIN "BeerMarks" AS "b" ON "p"."BeerMarkId" = "b"."Id"
WHERE rtrim(rtrim(strftime('%Y-%m-%d %H:%M:%f', "p"."Date", 'start of day'), '0'), '.') = @__date_Date_0 |url: https://localhost/statistic/getStat|action: GetStatistic|Microsoft.EntityFrameworkCore.Diagnostics.EventDefinition`6.Log
2022-02-19 18:06:52.5317|0|INFO|Microsoft.EntityFrameworkCore.Database.Command|Executed DbCommand (2ms) [Parameters=[@__date_Date_0='2022-02-11T00:00:00.0000000' (DbType = DateTime)], CommandType='Text', CommandTimeout='30']
SELECT "p"."Id", "p"."BeerMarkId", "p"."Date", "p"."Produced", "p"."Target", "b"."Id", "b"."Name"
FROM "ProductionStatictics" AS "p"
INNER JOIN "BeerMarks" AS "b" ON "p"."BeerMarkId" = "b"."Id"
WHERE rtrim(rtrim(strftime('%Y-%m-%d %H:%M:%f', "p"."Date", 'start of day'), '0'), '.') = @__date_Date_0 |url: https://localhost/statistic/getStat|action: GetStatistic|Microsoft.EntityFrameworkCore.Diagnostics.EventDefinition`6.Log
2022-02-19 18:06:54.9381|0|INFO|Microsoft.EntityFrameworkCore.Database.Command|Executed DbCommand (2ms) [Parameters=[@__date_Date_0='2022-01-01T00:00:00.0000000' (DbType = DateTime)], CommandType='Text', CommandTimeout='30']
SELECT "p"."Id", "p"."BeerMarkId", "p"."Date", "p"."Produced", "p"."Target", "b"."Id", "b"."Name"
FROM "ProductionStatictics" AS "p"
INNER JOIN "BeerMarks" AS "b" ON "p"."BeerMarkId" = "b"."Id"
WHERE rtrim(rtrim(strftime('%Y-%m-%d %H:%M:%f', "p"."Date", 'start of day'), '0'), '.') = @__date_Date_0 |url: https://localhost/statistic/getStat|action: GetStatistic|Microsoft.EntityFrameworkCore.Diagnostics.EventDefinition`6.Log
2022-02-19 18:06:55.8595|0|INFO|Microsoft.EntityFrameworkCore.Database.Command|Executed DbCommand (3ms) [Parameters=[@__date_Date_0='2022-02-01T00:00:00.0000000' (DbType = DateTime)], CommandType='Text', CommandTimeout='30']
SELECT "p"."Id", "p"."BeerMarkId", "p"."Date", "p"."Produced", "p"."Target", "b"."Id", "b"."Name"
FROM "ProductionStatictics" AS "p"
INNER JOIN "BeerMarks" AS "b" ON "p"."BeerMarkId" = "b"."Id"
WHERE rtrim(rtrim(strftime('%Y-%m-%d %H:%M:%f', "p"."Date", 'start of day'), '0'), '.') = @__date_Date_0 |url: https://localhost/statistic/getStat|action: GetStatistic|Microsoft.EntityFrameworkCore.Diagnostics.EventDefinition`6.Log
2022-02-19 18:06:58.0473|0|INFO|Microsoft.EntityFrameworkCore.Database.Command|Executed DbCommand (5ms) [Parameters=[@__date_Date_0='2022-02-18T00:00:00.0000000' (DbType = DateTime)], CommandType='Text', CommandTimeout='30']
SELECT "p"."Id", "p"."BeerMarkId", "p"."Date", "p"."Produced", "p"."Target", "b"."Id", "b"."Name"
FROM "ProductionStatictics" AS "p"
INNER JOIN "BeerMarks" AS "b" ON "p"."BeerMarkId" = "b"."Id"
WHERE rtrim(rtrim(strftime('%Y-%m-%d %H:%M:%f', "p"."Date", 'start of day'), '0'), '.') = @__date_Date_0 |url: https://localhost/statistic/getStat|action: GetStatistic|Microsoft.EntityFrameworkCore.Diagnostics.EventDefinition`6.Log
2022-02-19 18:06:59.6884|0|INFO|Microsoft.EntityFrameworkCore.Database.Command|Executed DbCommand (2ms) [Parameters=[@__date_Date_0='2022-02-19T00:00:00.0000000' (DbType = DateTime)], CommandType='Text', CommandTimeout='30']
SELECT "p"."Id", "p"."BeerMarkId", "p"."Date", "p"."Produced", "p"."Target", "b"."Id", "b"."Name"
FROM "ProductionStatictics" AS "p"
INNER JOIN "BeerMarks" AS "b" ON "p"."BeerMarkId" = "b"."Id"
WHERE rtrim(rtrim(strftime('%Y-%m-%d %H:%M:%f', "p"."Date", 'start of day'), '0'), '.') = @__date_Date_0 |url: https://localhost/statistic/getStat|action: GetStatistic|Microsoft.EntityFrameworkCore.Diagnostics.EventDefinition`6.Log
2022-02-19 18:07:06.1248|0|INFO|Microsoft.EntityFrameworkCore.Database.Command|Executed DbCommand (2ms) [Parameters=[@__date_Date_0='2022-02-19T00:00:00.0000000' (DbType = DateTime)], CommandType='Text', CommandTimeout='30']
SELECT "p"."Id", "p"."BeerMarkId", "p"."Date", "p"."Produced", "p"."Target", "b"."Id", "b"."Name"
FROM "ProductionStatictics" AS "p"
INNER JOIN "BeerMarks" AS "b" ON "p"."BeerMarkId" = "b"."Id"
WHERE rtrim(rtrim(strftime('%Y-%m-%d %H:%M:%f', "p"."Date", 'start of day'), '0'), '.') = @__date_Date_0 |url: https://localhost/statistic/getStat|action: GetStatistic|Microsoft.EntityFrameworkCore.Diagnostics.EventDefinition`6.Log
2022-02-19 18:07:11.5468|0|INFO|Microsoft.EntityFrameworkCore.Database.Command|Executed DbCommand (3ms) [Parameters=[@__normalizedUserName_0='TEST1' (Size = 5)], CommandType='Text', CommandTimeout='30']
SELECT "a"."Id", "a"."AccessFailedCount", "a"."ConcurrencyStamp", "a"."Email", "a"."EmailConfirmed", "a"."LockoutEnabled", "a"."LockoutEnd", "a"."NormalizedEmail", "a"."NormalizedUserName", "a"."PasswordHash", "a"."PhoneNumber", "a"."PhoneNumberConfirmed", "a"."SecurityStamp", "a"."TwoFactorEnabled", "a"."UserName"
FROM "AspNetUsers" AS "a"
WHERE "a"."NormalizedUserName" = @__normalizedUserName_0
LIMIT 1 |url: https://localhost/auth/login|action: Login|Microsoft.EntityFrameworkCore.Diagnostics.EventDefinition`6.Log
2022-02-19 18:07:11.6747|0|INFO|Microsoft.EntityFrameworkCore.Database.Command|Executed DbCommand (2ms) [Parameters=[@__userId_0='9be5b572-9627-452a-b7ed-0ab187dbe1ca' (Size = 36)], CommandType='Text', CommandTimeout='30']
SELECT "a0"."Name"
FROM "AspNetUserRoles" AS "a"
INNER JOIN "AspNetRoles" AS "a0" ON "a"."RoleId" = "a0"."Id"
WHERE "a"."UserId" = @__userId_0 |url: https://localhost/auth/login|action: Login|Microsoft.EntityFrameworkCore.Diagnostics.EventDefinition`6.Log
2022-02-19 18:07:13.4084|0|INFO|Microsoft.EntityFrameworkCore.Database.Command|Executed DbCommand (3ms) [Parameters=[@__date_Date_0='2022-02-19T00:00:00.0000000' (DbType = DateTime)], CommandType='Text', CommandTimeout='30']
SELECT "p"."Id", "p"."BeerMarkId", "p"."Date", "p"."Produced", "p"."Target", "b"."Id", "b"."Name"
FROM "ProductionStatictics" AS "p"
INNER JOIN "BeerMarks" AS "b" ON "p"."BeerMarkId" = "b"."Id"
WHERE rtrim(rtrim(strftime('%Y-%m-%d %H:%M:%f', "p"."Date", 'start of day'), '0'), '.') = @__date_Date_0 |url: https://localhost/statistic/getStat|action: GetStatistic|Microsoft.EntityFrameworkCore.Diagnostics.EventDefinition`6.Log
2022-02-19 18:07:23.4375|0|INFO|Microsoft.EntityFrameworkCore.Database.Command|Executed DbCommand (2ms) [Parameters=[@__date_Date_0='2022-02-19T00:00:00.0000000' (DbType = DateTime)], CommandType='Text', CommandTimeout='30']
SELECT "p"."Id", "p"."BeerMarkId", "p"."Date", "p"."Produced", "p"."Target", "b"."Id", "b"."Name"
FROM "ProductionStatictics" AS "p"
INNER JOIN "BeerMarks" AS "b" ON "p"."BeerMarkId" = "b"."Id"
WHERE rtrim(rtrim(strftime('%Y-%m-%d %H:%M:%f', "p"."Date", 'start of day'), '0'), '.') = @__date_Date_0 |url: https://localhost/statistic/getStat|action: GetStatistic|Microsoft.EntityFrameworkCore.Diagnostics.EventDefinition`6.Log
2022-02-19 18:07:29.0165|0|INFO|Microsoft.EntityFrameworkCore.Database.Command|Executed DbCommand (3ms) [Parameters=[@__date_Date_0='2021-02-01T00:00:00.0000000' (DbType = DateTime)], CommandType='Text', CommandTimeout='30']
SELECT "p"."Id", "p"."BeerMarkId", "p"."Date", "p"."Produced", "p"."Target", "b"."Id", "b"."Name"
FROM "ProductionStatictics" AS "p"
INNER JOIN "BeerMarks" AS "b" ON "p"."BeerMarkId" = "b"."Id"
WHERE rtrim(rtrim(strftime('%Y-%m-%d %H:%M:%f', "p"."Date", 'start of day'), '0'), '.') = @__date_Date_0 |url: https://localhost/statistic/getStat|action: GetStatistic|Microsoft.EntityFrameworkCore.Diagnostics.EventDefinition`6.Log
