2022-02-21 09:54:09.3472|0|INFO|Microsoft.EntityFrameworkCore.Database.Command|Executed DbCommand (40ms) [Parameters=[@__date_Date_0='2022-02-21T00:00:00.0000000+03:00' (DbType = DateTime), @__beerMarkId_1='2'], CommandType='Text', CommandTimeout='30']
SELECT "p"."Id", "p"."BeerMarkId", "p"."Date", "p"."Produced", "p"."Target"
FROM "ProductionStatictics" AS "p"
WHERE (rtrim(rtrim(strftime('%Y-%m-%d %H:%M:%f', "p"."Date", 'start of day'), '0'), '.') = @__date_Date_0) AND ("p"."BeerMarkId" = @__beerMarkId_1)
LIMIT 1 |url: https://localhost/statistic/addFinalStat|action: AddFinalStatistic|Microsoft.EntityFrameworkCore.Diagnostics.EventDefinition`6.Log
2022-02-21 09:54:21.0946|0|INFO|Microsoft.EntityFrameworkCore.Database.Command|Executed DbCommand (2ms) [Parameters=[@__normalizedUserName_0='TEST1' (Size = 5)], CommandType='Text', CommandTimeout='30']
SELECT "a"."Id", "a"."AccessFailedCount", "a"."ConcurrencyStamp", "a"."Email", "a"."EmailConfirmed", "a"."LockoutEnabled", "a"."LockoutEnd", "a"."NormalizedEmail", "a"."NormalizedUserName", "a"."PasswordHash", "a"."PhoneNumber", "a"."PhoneNumberConfirmed", "a"."SecurityStamp", "a"."TwoFactorEnabled", "a"."UserName"
FROM "AspNetUsers" AS "a"
WHERE "a"."NormalizedUserName" = @__normalizedUserName_0
LIMIT 1 |url: https://localhost/auth/login|action: Login|Microsoft.EntityFrameworkCore.Diagnostics.EventDefinition`6.Log
2022-02-21 09:54:21.3140|0|INFO|Microsoft.EntityFrameworkCore.Database.Command|Executed DbCommand (1ms) [Parameters=[@__userId_0='9be5b572-9627-452a-b7ed-0ab187dbe1ca' (Size = 36)], CommandType='Text', CommandTimeout='30']
SELECT "a0"."Name"
FROM "AspNetUserRoles" AS "a"
INNER JOIN "AspNetRoles" AS "a0" ON "a"."RoleId" = "a0"."Id"
WHERE "a"."UserId" = @__userId_0 |url: https://localhost/auth/login|action: Login|Microsoft.EntityFrameworkCore.Diagnostics.EventDefinition`6.Log
2022-02-21 09:54:39.7228|0|INFO|Microsoft.EntityFrameworkCore.Database.Command|Executed DbCommand (4ms) [Parameters=[@__normalizedUserName_0='TEST1' (Size = 5)], CommandType='Text', CommandTimeout='30']
SELECT "a"."Id", "a"."AccessFailedCount", "a"."ConcurrencyStamp", "a"."Email", "a"."EmailConfirmed", "a"."LockoutEnabled", "a"."LockoutEnd", "a"."NormalizedEmail", "a"."NormalizedUserName", "a"."PasswordHash", "a"."PhoneNumber", "a"."PhoneNumberConfirmed", "a"."SecurityStamp", "a"."TwoFactorEnabled", "a"."UserName"
FROM "AspNetUsers" AS "a"
WHERE "a"."NormalizedUserName" = @__normalizedUserName_0
LIMIT 1 |url: https://localhost/auth/login|action: Login|Microsoft.EntityFrameworkCore.Diagnostics.EventDefinition`6.Log
2022-02-21 09:58:12.5374|0|INFO|Microsoft.EntityFrameworkCore.Database.Command|Executed DbCommand (7ms) [Parameters=[@__date_Date_0='2022-02-21T00:00:00.0000000' (DbType = DateTime)], CommandType='Text', CommandTimeout='30']
SELECT "p"."Id", "p"."BeerMarkId", "p"."Date", "p"."Produced", "p"."Target", "b"."Id", "b"."Name"
FROM "ProductionStatictics" AS "p"
INNER JOIN "BeerMarks" AS "b" ON "p"."BeerMarkId" = "b"."Id"
WHERE rtrim(rtrim(strftime('%Y-%m-%d %H:%M:%f', "p"."Date", 'start of day'), '0'), '.') = @__date_Date_0 |url: https://localhost/statistic/getStat|action: GetStatistic|Microsoft.EntityFrameworkCore.Diagnostics.EventDefinition`6.Log
2022-02-21 09:58:15.2830|0|INFO|Microsoft.EntityFrameworkCore.Database.Command|Executed DbCommand (3ms) [Parameters=[@__date_Date_0='2022-02-11T00:00:00.0000000' (DbType = DateTime)], CommandType='Text', CommandTimeout='30']
SELECT "p"."Id", "p"."BeerMarkId", "p"."Date", "p"."Produced", "p"."Target", "b"."Id", "b"."Name"
FROM "ProductionStatictics" AS "p"
INNER JOIN "BeerMarks" AS "b" ON "p"."BeerMarkId" = "b"."Id"
WHERE rtrim(rtrim(strftime('%Y-%m-%d %H:%M:%f', "p"."Date", 'start of day'), '0'), '.') = @__date_Date_0 |url: https://localhost/statistic/getStat|action: GetStatistic|Microsoft.EntityFrameworkCore.Diagnostics.EventDefinition`6.Log
2022-02-21 09:58:19.5168|0|INFO|Microsoft.EntityFrameworkCore.Database.Command|Executed DbCommand (1ms) [Parameters=[@__date_Date_0='2022-02-18T00:00:00.0000000' (DbType = DateTime)], CommandType='Text', CommandTimeout='30']
SELECT "p"."Id", "p"."BeerMarkId", "p"."Date", "p"."Produced", "p"."Target", "b"."Id", "b"."Name"
FROM "ProductionStatictics" AS "p"
INNER JOIN "BeerMarks" AS "b" ON "p"."BeerMarkId" = "b"."Id"
WHERE rtrim(rtrim(strftime('%Y-%m-%d %H:%M:%f', "p"."Date", 'start of day'), '0'), '.') = @__date_Date_0 |url: https://localhost/statistic/getStat|action: GetStatistic|Microsoft.EntityFrameworkCore.Diagnostics.EventDefinition`6.Log
2022-02-21 09:58:23.0011|0|INFO|Microsoft.EntityFrameworkCore.Database.Command|Executed DbCommand (2ms) [Parameters=[@__date_Date_0='2022-02-11T00:00:00.0000000' (DbType = DateTime)], CommandType='Text', CommandTimeout='30']
SELECT "p"."Id", "p"."BeerMarkId", "p"."Date", "p"."Produced", "p"."Target", "b"."Id", "b"."Name"
FROM "ProductionStatictics" AS "p"
INNER JOIN "BeerMarks" AS "b" ON "p"."BeerMarkId" = "b"."Id"
WHERE rtrim(rtrim(strftime('%Y-%m-%d %H:%M:%f', "p"."Date", 'start of day'), '0'), '.') = @__date_Date_0 |url: https://localhost/statistic/getStat|action: GetStatistic|Microsoft.EntityFrameworkCore.Diagnostics.EventDefinition`6.Log
2022-02-21 09:58:32.2186|0|INFO|Microsoft.EntityFrameworkCore.Database.Command|Executed DbCommand (2ms) [Parameters=[@__date_Date_0='2022-02-21T00:00:00.0000000' (DbType = DateTime)], CommandType='Text', CommandTimeout='30']
SELECT "p"."Id", "p"."BeerMarkId", "p"."Date", "p"."Produced", "p"."Target", "b"."Id", "b"."Name"
FROM "ProductionStatictics" AS "p"
INNER JOIN "BeerMarks" AS "b" ON "p"."BeerMarkId" = "b"."Id"
WHERE rtrim(rtrim(strftime('%Y-%m-%d %H:%M:%f', "p"."Date", 'start of day'), '0'), '.') = @__date_Date_0 |url: https://localhost/statistic/getStat|action: GetStatistic|Microsoft.EntityFrameworkCore.Diagnostics.EventDefinition`6.Log
2022-02-21 10:05:21.2190|0|INFO|Microsoft.EntityFrameworkCore.Database.Command|Executed DbCommand (2ms) [Parameters=[@__normalizedUserName_0='QWE' (Size = 3)], CommandType='Text', CommandTimeout='30']
SELECT "a"."Id", "a"."AccessFailedCount", "a"."ConcurrencyStamp", "a"."Email", "a"."EmailConfirmed", "a"."LockoutEnabled", "a"."LockoutEnd", "a"."NormalizedEmail", "a"."NormalizedUserName", "a"."PasswordHash", "a"."PhoneNumber", "a"."PhoneNumberConfirmed", "a"."SecurityStamp", "a"."TwoFactorEnabled", "a"."UserName"
FROM "AspNetUsers" AS "a"
WHERE "a"."NormalizedUserName" = @__normalizedUserName_0
LIMIT 1 |url: https://localhost/auth/login|action: Login|Microsoft.EntityFrameworkCore.Diagnostics.EventDefinition`6.Log
2022-02-21 10:05:36.4070|0|INFO|Microsoft.EntityFrameworkCore.Database.Command|Executed DbCommand (2ms) [Parameters=[@__date_Date_0='2022-02-21T00:00:00.0000000' (DbType = DateTime)], CommandType='Text', CommandTimeout='30']
SELECT "p"."Id", "p"."BeerMarkId", "p"."Date", "p"."Produced", "p"."Target", "b"."Id", "b"."Name"
FROM "ProductionStatictics" AS "p"
INNER JOIN "BeerMarks" AS "b" ON "p"."BeerMarkId" = "b"."Id"
WHERE rtrim(rtrim(strftime('%Y-%m-%d %H:%M:%f', "p"."Date", 'start of day'), '0'), '.') = @__date_Date_0 |url: https://localhost/statistic/getStat|action: GetStatistic|Microsoft.EntityFrameworkCore.Diagnostics.EventDefinition`6.Log
2022-02-21 10:05:42.5483|0|INFO|Microsoft.EntityFrameworkCore.Database.Command|Executed DbCommand (3ms) [Parameters=[@__normalizedUserName_0='QWE' (Size = 3)], CommandType='Text', CommandTimeout='30']
SELECT "a"."Id", "a"."AccessFailedCount", "a"."ConcurrencyStamp", "a"."Email", "a"."EmailConfirmed", "a"."LockoutEnabled", "a"."LockoutEnd", "a"."NormalizedEmail", "a"."NormalizedUserName", "a"."PasswordHash", "a"."PhoneNumber", "a"."PhoneNumberConfirmed", "a"."SecurityStamp", "a"."TwoFactorEnabled", "a"."UserName"
FROM "AspNetUsers" AS "a"
WHERE "a"."NormalizedUserName" = @__normalizedUserName_0
LIMIT 1 |url: https://localhost/auth/login|action: Login|Microsoft.EntityFrameworkCore.Diagnostics.EventDefinition`6.Log
2022-02-21 10:06:22.1097|0|INFO|Microsoft.EntityFrameworkCore.Database.Command|Executed DbCommand (2ms) [Parameters=[@__normalizedUserName_0='TEST1' (Size = 5)], CommandType='Text', CommandTimeout='30']
SELECT "a"."Id", "a"."AccessFailedCount", "a"."ConcurrencyStamp", "a"."Email", "a"."EmailConfirmed", "a"."LockoutEnabled", "a"."LockoutEnd", "a"."NormalizedEmail", "a"."NormalizedUserName", "a"."PasswordHash", "a"."PhoneNumber", "a"."PhoneNumberConfirmed", "a"."SecurityStamp", "a"."TwoFactorEnabled", "a"."UserName"
FROM "AspNetUsers" AS "a"
WHERE "a"."NormalizedUserName" = @__normalizedUserName_0
LIMIT 1 |url: https://localhost/auth/login|action: Login|Microsoft.EntityFrameworkCore.Diagnostics.EventDefinition`6.Log
2022-02-21 10:06:23.3598|0|INFO|Microsoft.EntityFrameworkCore.Database.Command|Executed DbCommand (1ms) [Parameters=[@__normalizedUserName_0='TEST1' (Size = 5)], CommandType='Text', CommandTimeout='30']
SELECT "a"."Id", "a"."AccessFailedCount", "a"."ConcurrencyStamp", "a"."Email", "a"."EmailConfirmed", "a"."LockoutEnabled", "a"."LockoutEnd", "a"."NormalizedEmail", "a"."NormalizedUserName", "a"."PasswordHash", "a"."PhoneNumber", "a"."PhoneNumberConfirmed", "a"."SecurityStamp", "a"."TwoFactorEnabled", "a"."UserName"
FROM "AspNetUsers" AS "a"
WHERE "a"."NormalizedUserName" = @__normalizedUserName_0
LIMIT 1 |url: https://localhost/auth/login|action: Login|Microsoft.EntityFrameworkCore.Diagnostics.EventDefinition`6.Log
2022-02-21 10:06:23.3758|0|INFO|Microsoft.EntityFrameworkCore.Database.Command|Executed DbCommand (3ms) [Parameters=[@__userId_0='9be5b572-9627-452a-b7ed-0ab187dbe1ca' (Size = 36)], CommandType='Text', CommandTimeout='30']
SELECT "a0"."Name"
FROM "AspNetUserRoles" AS "a"
INNER JOIN "AspNetRoles" AS "a0" ON "a"."RoleId" = "a0"."Id"
WHERE "a"."UserId" = @__userId_0 |url: https://localhost/auth/login|action: Login|Microsoft.EntityFrameworkCore.Diagnostics.EventDefinition`6.Log
2022-02-21 10:11:45.4692|0|INFO|Microsoft.EntityFrameworkCore.Database.Command|Executed DbCommand (2ms) [Parameters=[@__date_Date_0='2022-02-21T00:00:00.0000000' (DbType = DateTime)], CommandType='Text', CommandTimeout='30']
SELECT "p"."Id", "p"."BeerMarkId", "p"."Date", "p"."Produced", "p"."Target", "b"."Id", "b"."Name"
FROM "ProductionStatictics" AS "p"
INNER JOIN "BeerMarks" AS "b" ON "p"."BeerMarkId" = "b"."Id"
WHERE rtrim(rtrim(strftime('%Y-%m-%d %H:%M:%f', "p"."Date", 'start of day'), '0'), '.') = @__date_Date_0 |url: https://localhost/statistic/getStat|action: GetStatistic|Microsoft.EntityFrameworkCore.Diagnostics.EventDefinition`6.Log
2022-02-21 10:11:50.1284|0|INFO|Microsoft.EntityFrameworkCore.Database.Command|Executed DbCommand (2ms) [Parameters=[@__date_Date_0='2022-02-11T00:00:00.0000000' (DbType = DateTime)], CommandType='Text', CommandTimeout='30']
SELECT "p"."Id", "p"."BeerMarkId", "p"."Date", "p"."Produced", "p"."Target", "b"."Id", "b"."Name"
FROM "ProductionStatictics" AS "p"
INNER JOIN "BeerMarks" AS "b" ON "p"."BeerMarkId" = "b"."Id"
WHERE rtrim(rtrim(strftime('%Y-%m-%d %H:%M:%f', "p"."Date", 'start of day'), '0'), '.') = @__date_Date_0 |url: https://localhost/statistic/getStat|action: GetStatistic|Microsoft.EntityFrameworkCore.Diagnostics.EventDefinition`6.Log
2022-02-21 10:47:12.0949|0|INFO|Microsoft.EntityFrameworkCore.Database.Command|Executed DbCommand (70ms) [Parameters=[@__date_Date_0='2022-02-21T00:00:00.0000000' (DbType = DateTime)], CommandType='Text', CommandTimeout='30']
SELECT "p"."Id", "p"."BeerMarkId", "p"."Date", "p"."Produced", "p"."Target", "b"."Id", "b"."Name"
FROM "ProductionStatictics" AS "p"
INNER JOIN "BeerMarks" AS "b" ON "p"."BeerMarkId" = "b"."Id"
WHERE rtrim(rtrim(strftime('%Y-%m-%d %H:%M:%f', "p"."Date", 'start of day'), '0'), '.') = @__date_Date_0 |url: https://localhost/statistic/getStat|action: GetStatistic|Microsoft.EntityFrameworkCore.Diagnostics.EventDefinition`6.Log
2022-02-21 10:47:13.7385|0|INFO|Microsoft.EntityFrameworkCore.Database.Command|Executed DbCommand (3ms) [Parameters=[@__date_Date_0='2022-02-21T00:00:00.0000000' (DbType = DateTime)], CommandType='Text', CommandTimeout='30']
SELECT "p"."Id", "p"."BeerMarkId", "p"."Date", "p"."Produced", "p"."Target", "b"."Id", "b"."Name"
FROM "ProductionStatictics" AS "p"
INNER JOIN "BeerMarks" AS "b" ON "p"."BeerMarkId" = "b"."Id"
WHERE rtrim(rtrim(strftime('%Y-%m-%d %H:%M:%f', "p"."Date", 'start of day'), '0'), '.') = @__date_Date_0 |url: https://localhost/statistic/getStat|action: GetStatistic|Microsoft.EntityFrameworkCore.Diagnostics.EventDefinition`6.Log
2022-02-21 10:47:15.6407|0|INFO|Microsoft.EntityFrameworkCore.Database.Command|Executed DbCommand (4ms) [Parameters=[@__date_Date_0='2022-02-21T00:00:00.0000000' (DbType = DateTime)], CommandType='Text', CommandTimeout='30']
SELECT "p"."Id", "p"."BeerMarkId", "p"."Date", "p"."Produced", "p"."Target", "b"."Id", "b"."Name"
FROM "ProductionStatictics" AS "p"
INNER JOIN "BeerMarks" AS "b" ON "p"."BeerMarkId" = "b"."Id"
WHERE rtrim(rtrim(strftime('%Y-%m-%d %H:%M:%f', "p"."Date", 'start of day'), '0'), '.') = @__date_Date_0 |url: https://localhost/statistic/getStat|action: GetStatistic|Microsoft.EntityFrameworkCore.Diagnostics.EventDefinition`6.Log
2022-02-21 10:47:39.6720|0|INFO|Microsoft.EntityFrameworkCore.Database.Command|Executed DbCommand (3ms) [Parameters=[@__date_Date_0='2022-02-11T00:00:00.0000000' (DbType = DateTime)], CommandType='Text', CommandTimeout='30']
SELECT "p"."Id", "p"."BeerMarkId", "p"."Date", "p"."Produced", "p"."Target", "b"."Id", "b"."Name"
FROM "ProductionStatictics" AS "p"
INNER JOIN "BeerMarks" AS "b" ON "p"."BeerMarkId" = "b"."Id"
WHERE rtrim(rtrim(strftime('%Y-%m-%d %H:%M:%f', "p"."Date", 'start of day'), '0'), '.') = @__date_Date_0 |url: https://localhost/statistic/getStat|action: GetStatistic|Microsoft.EntityFrameworkCore.Diagnostics.EventDefinition`6.Log
2022-02-21 10:48:34.4691|0|INFO|Microsoft.EntityFrameworkCore.Database.Command|Executed DbCommand (3ms) [Parameters=[@__date_Date_0='2022-02-21T00:00:00.0000000' (DbType = DateTime)], CommandType='Text', CommandTimeout='30']
SELECT "p"."Id", "p"."BeerMarkId", "p"."Date", "p"."Produced", "p"."Target", "b"."Id", "b"."Name"
FROM "ProductionStatictics" AS "p"
INNER JOIN "BeerMarks" AS "b" ON "p"."BeerMarkId" = "b"."Id"
WHERE rtrim(rtrim(strftime('%Y-%m-%d %H:%M:%f', "p"."Date", 'start of day'), '0'), '.') = @__date_Date_0 |url: https://localhost/statistic/getStat|action: GetStatistic|Microsoft.EntityFrameworkCore.Diagnostics.EventDefinition`6.Log
2022-02-21 10:49:08.7189|0|INFO|Microsoft.EntityFrameworkCore.Database.Command|Executed DbCommand (2ms) [Parameters=[@__date_Date_0='2022-02-21T00:00:00.0000000' (DbType = DateTime)], CommandType='Text', CommandTimeout='30']
SELECT "p"."Id", "p"."BeerMarkId", "p"."Date", "p"."Produced", "p"."Target", "b"."Id", "b"."Name"
FROM "ProductionStatictics" AS "p"
INNER JOIN "BeerMarks" AS "b" ON "p"."BeerMarkId" = "b"."Id"
WHERE rtrim(rtrim(strftime('%Y-%m-%d %H:%M:%f', "p"."Date", 'start of day'), '0'), '.') = @__date_Date_0 |url: https://localhost/statistic/getStat|action: GetStatistic|Microsoft.EntityFrameworkCore.Diagnostics.EventDefinition`6.Log
2022-02-21 10:49:11.9224|0|INFO|Microsoft.EntityFrameworkCore.Database.Command|Executed DbCommand (3ms) [Parameters=[@__date_Date_0='2022-02-11T00:00:00.0000000' (DbType = DateTime)], CommandType='Text', CommandTimeout='30']
SELECT "p"."Id", "p"."BeerMarkId", "p"."Date", "p"."Produced", "p"."Target", "b"."Id", "b"."Name"
FROM "ProductionStatictics" AS "p"
INNER JOIN "BeerMarks" AS "b" ON "p"."BeerMarkId" = "b"."Id"
WHERE rtrim(rtrim(strftime('%Y-%m-%d %H:%M:%f', "p"."Date", 'start of day'), '0'), '.') = @__date_Date_0 |url: https://localhost/statistic/getStat|action: GetStatistic|Microsoft.EntityFrameworkCore.Diagnostics.EventDefinition`6.Log
2022-02-21 10:49:15.4686|0|INFO|Microsoft.EntityFrameworkCore.Database.Command|Executed DbCommand (2ms) [Parameters=[@__date_Date_0='2022-02-18T00:00:00.0000000' (DbType = DateTime)], CommandType='Text', CommandTimeout='30']
SELECT "p"."Id", "p"."BeerMarkId", "p"."Date", "p"."Produced", "p"."Target", "b"."Id", "b"."Name"
FROM "ProductionStatictics" AS "p"
INNER JOIN "BeerMarks" AS "b" ON "p"."BeerMarkId" = "b"."Id"
WHERE rtrim(rtrim(strftime('%Y-%m-%d %H:%M:%f', "p"."Date", 'start of day'), '0'), '.') = @__date_Date_0 |url: https://localhost/statistic/getStat|action: GetStatistic|Microsoft.EntityFrameworkCore.Diagnostics.EventDefinition`6.Log
2022-02-21 10:49:17.1566|0|INFO|Microsoft.EntityFrameworkCore.Database.Command|Executed DbCommand (2ms) [Parameters=[@__date_Date_0='2022-02-16T00:00:00.0000000' (DbType = DateTime)], CommandType='Text', CommandTimeout='30']
SELECT "p"."Id", "p"."BeerMarkId", "p"."Date", "p"."Produced", "p"."Target", "b"."Id", "b"."Name"
FROM "ProductionStatictics" AS "p"
INNER JOIN "BeerMarks" AS "b" ON "p"."BeerMarkId" = "b"."Id"
WHERE rtrim(rtrim(strftime('%Y-%m-%d %H:%M:%f', "p"."Date", 'start of day'), '0'), '.') = @__date_Date_0 |url: https://localhost/statistic/getStat|action: GetStatistic|Microsoft.EntityFrameworkCore.Diagnostics.EventDefinition`6.Log
2022-02-21 10:49:26.7044|0|INFO|Microsoft.EntityFrameworkCore.Database.Command|Executed DbCommand (4ms) [Parameters=[@__date_Date_0='2022-03-01T00:00:00.0000000' (DbType = DateTime)], CommandType='Text', CommandTimeout='30']
SELECT "p"."Id", "p"."BeerMarkId", "p"."Date", "p"."Produced", "p"."Target", "b"."Id", "b"."Name"
FROM "ProductionStatictics" AS "p"
INNER JOIN "BeerMarks" AS "b" ON "p"."BeerMarkId" = "b"."Id"
WHERE rtrim(rtrim(strftime('%Y-%m-%d %H:%M:%f', "p"."Date", 'start of day'), '0'), '.') = @__date_Date_0 |url: https://localhost/statistic/getStat|action: GetStatistic|Microsoft.EntityFrameworkCore.Diagnostics.EventDefinition`6.Log
2022-02-21 10:49:39.1718|0|INFO|Microsoft.EntityFrameworkCore.Database.Command|Executed DbCommand (6ms) [Parameters=[@__date_Date_0='2022-02-01T00:00:00.0000000' (DbType = DateTime)], CommandType='Text', CommandTimeout='30']
SELECT "p"."Id", "p"."BeerMarkId", "p"."Date", "p"."Produced", "p"."Target", "b"."Id", "b"."Name"
FROM "ProductionStatictics" AS "p"
INNER JOIN "BeerMarks" AS "b" ON "p"."BeerMarkId" = "b"."Id"
WHERE rtrim(rtrim(strftime('%Y-%m-%d %H:%M:%f', "p"."Date", 'start of day'), '0'), '.') = @__date_Date_0 |url: https://localhost/statistic/getStat|action: GetStatistic|Microsoft.EntityFrameworkCore.Diagnostics.EventDefinition`6.Log
2022-02-21 10:49:41.3445|0|INFO|Microsoft.EntityFrameworkCore.Database.Command|Executed DbCommand (3ms) [Parameters=[@__date_Date_0='2022-02-11T00:00:00.0000000' (DbType = DateTime)], CommandType='Text', CommandTimeout='30']
SELECT "p"."Id", "p"."BeerMarkId", "p"."Date", "p"."Produced", "p"."Target", "b"."Id", "b"."Name"
FROM "ProductionStatictics" AS "p"
INNER JOIN "BeerMarks" AS "b" ON "p"."BeerMarkId" = "b"."Id"
WHERE rtrim(rtrim(strftime('%Y-%m-%d %H:%M:%f', "p"."Date", 'start of day'), '0'), '.') = @__date_Date_0 |url: https://localhost/statistic/getStat|action: GetStatistic|Microsoft.EntityFrameworkCore.Diagnostics.EventDefinition`6.Log
2022-02-21 16:25:26.4498|0|INFO|Microsoft.EntityFrameworkCore.Database.Command|Executed DbCommand (52ms) [Parameters=[@__date_Date_0='2022-02-21T00:00:00.0000000' (DbType = DateTime)], CommandType='Text', CommandTimeout='30']
SELECT "p"."Id", "p"."BeerMarkId", "p"."Date", "p"."Produced", "p"."Target", "b"."Id", "b"."Name"
FROM "ProductionStatictics" AS "p"
INNER JOIN "BeerMarks" AS "b" ON "p"."BeerMarkId" = "b"."Id"
WHERE rtrim(rtrim(strftime('%Y-%m-%d %H:%M:%f', "p"."Date", 'start of day'), '0'), '.') = @__date_Date_0 |url: https://localhost/statistic/getStat|action: GetStatistic|Microsoft.EntityFrameworkCore.Diagnostics.EventDefinition`6.Log
2022-02-21 16:25:33.3781|0|INFO|Microsoft.EntityFrameworkCore.Database.Command|Executed DbCommand (4ms) [Parameters=[@__date_Date_0='2022-02-11T00:00:00.0000000' (DbType = DateTime)], CommandType='Text', CommandTimeout='30']
SELECT "p"."Id", "p"."BeerMarkId", "p"."Date", "p"."Produced", "p"."Target", "b"."Id", "b"."Name"
FROM "ProductionStatictics" AS "p"
INNER JOIN "BeerMarks" AS "b" ON "p"."BeerMarkId" = "b"."Id"
WHERE rtrim(rtrim(strftime('%Y-%m-%d %H:%M:%f', "p"."Date", 'start of day'), '0'), '.') = @__date_Date_0 |url: https://localhost/statistic/getStat|action: GetStatistic|Microsoft.EntityFrameworkCore.Diagnostics.EventDefinition`6.Log
2022-02-21 16:25:36.5175|0|INFO|Microsoft.EntityFrameworkCore.Database.Command|Executed DbCommand (5ms) [Parameters=[@__date_Date_0='2022-02-18T00:00:00.0000000' (DbType = DateTime)], CommandType='Text', CommandTimeout='30']
SELECT "p"."Id", "p"."BeerMarkId", "p"."Date", "p"."Produced", "p"."Target", "b"."Id", "b"."Name"
FROM "ProductionStatictics" AS "p"
INNER JOIN "BeerMarks" AS "b" ON "p"."BeerMarkId" = "b"."Id"
WHERE rtrim(rtrim(strftime('%Y-%m-%d %H:%M:%f', "p"."Date", 'start of day'), '0'), '.') = @__date_Date_0 |url: https://localhost/statistic/getStat|action: GetStatistic|Microsoft.EntityFrameworkCore.Diagnostics.EventDefinition`6.Log
2022-02-21 16:25:42.7348|0|INFO|Microsoft.EntityFrameworkCore.Database.Command|Executed DbCommand (2ms) [Parameters=[@__date_Date_0='2022-02-21T00:00:00.0000000' (DbType = DateTime)], CommandType='Text', CommandTimeout='30']
SELECT "p"."Id", "p"."BeerMarkId", "p"."Date", "p"."Produced", "p"."Target", "b"."Id", "b"."Name"
FROM "ProductionStatictics" AS "p"
INNER JOIN "BeerMarks" AS "b" ON "p"."BeerMarkId" = "b"."Id"
WHERE rtrim(rtrim(strftime('%Y-%m-%d %H:%M:%f', "p"."Date", 'start of day'), '0'), '.') = @__date_Date_0 |url: https://localhost/statistic/getStat|action: GetStatistic|Microsoft.EntityFrameworkCore.Diagnostics.EventDefinition`6.Log
2022-02-21 16:25:46.4069|0|INFO|Microsoft.EntityFrameworkCore.Database.Command|Executed DbCommand (2ms) [Parameters=[@__date_Date_0='2022-02-21T00:00:00.0000000' (DbType = DateTime)], CommandType='Text', CommandTimeout='30']
SELECT "p"."Id", "p"."BeerMarkId", "p"."Date", "p"."Produced", "p"."Target", "b"."Id", "b"."Name"
FROM "ProductionStatictics" AS "p"
INNER JOIN "BeerMarks" AS "b" ON "p"."BeerMarkId" = "b"."Id"
WHERE rtrim(rtrim(strftime('%Y-%m-%d %H:%M:%f', "p"."Date", 'start of day'), '0'), '.') = @__date_Date_0 |url: https://localhost/statistic/getStat|action: GetStatistic|Microsoft.EntityFrameworkCore.Diagnostics.EventDefinition`6.Log
2022-02-21 16:25:49.5688|0|INFO|Microsoft.EntityFrameworkCore.Database.Command|Executed DbCommand (4ms) [Parameters=[@__normalizedUserName_0='QQ' (Size = 2)], CommandType='Text', CommandTimeout='30']
SELECT "a"."Id", "a"."AccessFailedCount", "a"."ConcurrencyStamp", "a"."Email", "a"."EmailConfirmed", "a"."LockoutEnabled", "a"."LockoutEnd", "a"."NormalizedEmail", "a"."NormalizedUserName", "a"."PasswordHash", "a"."PhoneNumber", "a"."PhoneNumberConfirmed", "a"."SecurityStamp", "a"."TwoFactorEnabled", "a"."UserName"
FROM "AspNetUsers" AS "a"
WHERE "a"."NormalizedUserName" = @__normalizedUserName_0
LIMIT 1 |url: https://localhost/auth/login|action: Login|Microsoft.EntityFrameworkCore.Diagnostics.EventDefinition`6.Log
2022-02-21 21:17:27.7849|0|INFO|Microsoft.EntityFrameworkCore.Database.Command|Executed DbCommand (76ms) [Parameters=[@__date_Date_0='2022-02-21T00:00:00.0000000' (DbType = DateTime)], CommandType='Text', CommandTimeout='30']
SELECT "p"."Id", "p"."BeerMarkId", "p"."Date", "p"."Produced", "p"."Target", "b"."Id", "b"."Name"
FROM "ProductionStatictics" AS "p"
INNER JOIN "BeerMarks" AS "b" ON "p"."BeerMarkId" = "b"."Id"
WHERE rtrim(rtrim(strftime('%Y-%m-%d %H:%M:%f', "p"."Date", 'start of day'), '0'), '.') = @__date_Date_0|url: https://localhost/statistic/getStat|action: GetStatistic|Microsoft.EntityFrameworkCore.Diagnostics.EventDefinition`6.Log
2022-02-21 21:17:27.7849|0|INFO|Microsoft.EntityFrameworkCore.Database.Command|Executed DbCommand (76ms) [Parameters=[@__date_Date_0='2022-02-21T00:00:00.0000000' (DbType = DateTime)], CommandType='Text', CommandTimeout='30']
SELECT "p"."Id", "p"."BeerMarkId", "p"."Date", "p"."Produced", "p"."Target", "b"."Id", "b"."Name"
FROM "ProductionStatictics" AS "p"
INNER JOIN "BeerMarks" AS "b" ON "p"."BeerMarkId" = "b"."Id"
WHERE rtrim(rtrim(strftime('%Y-%m-%d %H:%M:%f', "p"."Date", 'start of day'), '0'), '.') = @__date_Date_0|url: https://localhost/statistic/getStat|action: GetStatistic|Microsoft.EntityFrameworkCore.Diagnostics.EventDefinition`6.Log
2022-02-21 21:17:31.0631|0|INFO|Microsoft.EntityFrameworkCore.Database.Command|Executed DbCommand (3ms) [Parameters=[@__date_Date_0='2022-02-11T00:00:00.0000000' (DbType = DateTime)], CommandType='Text', CommandTimeout='30']
SELECT "p"."Id", "p"."BeerMarkId", "p"."Date", "p"."Produced", "p"."Target", "b"."Id", "b"."Name"
FROM "ProductionStatictics" AS "p"
INNER JOIN "BeerMarks" AS "b" ON "p"."BeerMarkId" = "b"."Id"
WHERE rtrim(rtrim(strftime('%Y-%m-%d %H:%M:%f', "p"."Date", 'start of day'), '0'), '.') = @__date_Date_0|url: https://localhost/statistic/getStat|action: GetStatistic|Microsoft.EntityFrameworkCore.Diagnostics.EventDefinition`6.Log
2022-02-21 21:17:33.6567|0|INFO|Microsoft.EntityFrameworkCore.Database.Command|Executed DbCommand (3ms) [Parameters=[@__date_Date_0='2022-02-16T00:00:00.0000000' (DbType = DateTime)], CommandType='Text', CommandTimeout='30']
SELECT "p"."Id", "p"."BeerMarkId", "p"."Date", "p"."Produced", "p"."Target", "b"."Id", "b"."Name"
FROM "ProductionStatictics" AS "p"
INNER JOIN "BeerMarks" AS "b" ON "p"."BeerMarkId" = "b"."Id"
WHERE rtrim(rtrim(strftime('%Y-%m-%d %H:%M:%f', "p"."Date", 'start of day'), '0'), '.') = @__date_Date_0|url: https://localhost/statistic/getStat|action: GetStatistic|Microsoft.EntityFrameworkCore.Diagnostics.EventDefinition`6.Log
2022-02-21 21:17:37.7224|0|INFO|Microsoft.EntityFrameworkCore.Database.Command|Executed DbCommand (4ms) [Parameters=[@__normalizedUserName_0='T' (Size = 1)], CommandType='Text', CommandTimeout='30']
SELECT "a"."Id", "a"."AccessFailedCount", "a"."ConcurrencyStamp", "a"."Email", "a"."EmailConfirmed", "a"."LockoutEnabled", "a"."LockoutEnd", "a"."NormalizedEmail", "a"."NormalizedUserName", "a"."PasswordHash", "a"."PhoneNumber", "a"."PhoneNumberConfirmed", "a"."SecurityStamp", "a"."TwoFactorEnabled", "a"."UserName"
FROM "AspNetUsers" AS "a"
WHERE "a"."NormalizedUserName" = @__normalizedUserName_0
LIMIT 1|url: https://localhost/auth/login|action: Login|Microsoft.EntityFrameworkCore.Diagnostics.EventDefinition`6.Log
2022-02-21 21:18:39.0632|0|INFO|Microsoft.EntityFrameworkCore.Database.Command|Executed DbCommand (9ms) [Parameters=[@__date_Date_0='2022-02-21T00:00:00.0000000' (DbType = DateTime)], CommandType='Text', CommandTimeout='30']
SELECT "p"."Id", "p"."BeerMarkId", "p"."Date", "p"."Produced", "p"."Target", "b"."Id", "b"."Name"
FROM "ProductionStatictics" AS "p"
INNER JOIN "BeerMarks" AS "b" ON "p"."BeerMarkId" = "b"."Id"
WHERE rtrim(rtrim(strftime('%Y-%m-%d %H:%M:%f', "p"."Date", 'start of day'), '0'), '.') = @__date_Date_0|url: https://localhost/statistic/getStat|action: GetStatistic|Microsoft.EntityFrameworkCore.Diagnostics.EventDefinition`6.Log
2022-02-21 21:18:42.8071|0|INFO|Microsoft.EntityFrameworkCore.Database.Command|Executed DbCommand (30ms) [Parameters=[@__normalizedUserName_0='TEST1' (Size = 5)], CommandType='Text', CommandTimeout='30']
SELECT "a"."Id", "a"."AccessFailedCount", "a"."ConcurrencyStamp", "a"."Email", "a"."EmailConfirmed", "a"."LockoutEnabled", "a"."LockoutEnd", "a"."NormalizedEmail", "a"."NormalizedUserName", "a"."PasswordHash", "a"."PhoneNumber", "a"."PhoneNumberConfirmed", "a"."SecurityStamp", "a"."TwoFactorEnabled", "a"."UserName"
FROM "AspNetUsers" AS "a"
WHERE "a"."NormalizedUserName" = @__normalizedUserName_0
LIMIT 1|url: https://localhost/auth/login|action: Login|Microsoft.EntityFrameworkCore.Diagnostics.EventDefinition`6.Log
2022-02-21 21:18:43.1330|0|INFO|Microsoft.EntityFrameworkCore.Database.Command|Executed DbCommand (4ms) [Parameters=[@__userId_0='9be5b572-9627-452a-b7ed-0ab187dbe1ca' (Size = 36)], CommandType='Text', CommandTimeout='30']
SELECT "a0"."Name"
FROM "AspNetUserRoles" AS "a"
INNER JOIN "AspNetRoles" AS "a0" ON "a"."RoleId" = "a0"."Id"
WHERE "a"."UserId" = @__userId_0|url: https://localhost/auth/login|action: Login|Microsoft.EntityFrameworkCore.Diagnostics.EventDefinition`6.Log
2022-02-21 21:18:45.7833|0|INFO|Microsoft.EntityFrameworkCore.Database.Command|Executed DbCommand (9ms) [Parameters=[@__date_Date_0='2022-02-21T00:00:00.0000000' (DbType = DateTime)], CommandType='Text', CommandTimeout='30']
SELECT "p"."Id", "p"."BeerMarkId", "p"."Date", "p"."Produced", "p"."Target", "b"."Id", "b"."Name"
FROM "ProductionStatictics" AS "p"
INNER JOIN "BeerMarks" AS "b" ON "p"."BeerMarkId" = "b"."Id"
WHERE rtrim(rtrim(strftime('%Y-%m-%d %H:%M:%f', "p"."Date", 'start of day'), '0'), '.') = @__date_Date_0|url: https://localhost/statistic/getStat|action: GetStatistic|Microsoft.EntityFrameworkCore.Diagnostics.EventDefinition`6.Log
2022-02-21 21:18:46.9547|0|INFO|Microsoft.EntityFrameworkCore.Database.Command|Executed DbCommand (3ms) [Parameters=[@__date_Date_0='2022-02-04T00:00:00.0000000' (DbType = DateTime)], CommandType='Text', CommandTimeout='30']
SELECT "p"."Id", "p"."BeerMarkId", "p"."Date", "p"."Produced", "p"."Target", "b"."Id", "b"."Name"
FROM "ProductionStatictics" AS "p"
INNER JOIN "BeerMarks" AS "b" ON "p"."BeerMarkId" = "b"."Id"
WHERE rtrim(rtrim(strftime('%Y-%m-%d %H:%M:%f', "p"."Date", 'start of day'), '0'), '.') = @__date_Date_0|url: https://localhost/statistic/getStat|action: GetStatistic|Microsoft.EntityFrameworkCore.Diagnostics.EventDefinition`6.Log
2022-02-21 21:18:48.4696|0|INFO|Microsoft.EntityFrameworkCore.Database.Command|Executed DbCommand (9ms) [Parameters=[@__date_Date_0='2022-02-01T00:00:00.0000000' (DbType = DateTime)], CommandType='Text', CommandTimeout='30']
SELECT "p"."Id", "p"."BeerMarkId", "p"."Date", "p"."Produced", "p"."Target", "b"."Id", "b"."Name"
FROM "ProductionStatictics" AS "p"
INNER JOIN "BeerMarks" AS "b" ON "p"."BeerMarkId" = "b"."Id"
WHERE rtrim(rtrim(strftime('%Y-%m-%d %H:%M:%f', "p"."Date", 'start of day'), '0'), '.') = @__date_Date_0|url: https://localhost/statistic/getStat|action: GetStatistic|Microsoft.EntityFrameworkCore.Diagnostics.EventDefinition`6.Log
2022-02-21 21:18:50.1717|0|INFO|Microsoft.EntityFrameworkCore.Database.Command|Executed DbCommand (4ms) [Parameters=[@__date_Date_0='2022-02-11T00:00:00.0000000' (DbType = DateTime)], CommandType='Text', CommandTimeout='30']
SELECT "p"."Id", "p"."BeerMarkId", "p"."Date", "p"."Produced", "p"."Target", "b"."Id", "b"."Name"
FROM "ProductionStatictics" AS "p"
INNER JOIN "BeerMarks" AS "b" ON "p"."BeerMarkId" = "b"."Id"
WHERE rtrim(rtrim(strftime('%Y-%m-%d %H:%M:%f', "p"."Date", 'start of day'), '0'), '.') = @__date_Date_0|url: https://localhost/statistic/getStat|action: GetStatistic|Microsoft.EntityFrameworkCore.Diagnostics.EventDefinition`6.Log
2022-02-21 21:18:56.5944|0|INFO|Microsoft.EntityFrameworkCore.Database.Command|Executed DbCommand (3ms) [Parameters=[@__normalizedUserName_0='TT' (Size = 2)], CommandType='Text', CommandTimeout='30']
SELECT "a"."Id", "a"."AccessFailedCount", "a"."ConcurrencyStamp", "a"."Email", "a"."EmailConfirmed", "a"."LockoutEnabled", "a"."LockoutEnd", "a"."NormalizedEmail", "a"."NormalizedUserName", "a"."PasswordHash", "a"."PhoneNumber", "a"."PhoneNumberConfirmed", "a"."SecurityStamp", "a"."TwoFactorEnabled", "a"."UserName"
FROM "AspNetUsers" AS "a"
WHERE "a"."NormalizedUserName" = @__normalizedUserName_0
LIMIT 1|url: https://localhost/auth/login|action: Login|Microsoft.EntityFrameworkCore.Diagnostics.EventDefinition`6.Log
2022-02-21 21:21:17.7662|0|INFO|Microsoft.EntityFrameworkCore.Database.Command|Executed DbCommand (4ms) [Parameters=[@__normalizedUserName_0='TEST1' (Size = 5)], CommandType='Text', CommandTimeout='30']
SELECT "a"."Id", "a"."AccessFailedCount", "a"."ConcurrencyStamp", "a"."Email", "a"."EmailConfirmed", "a"."LockoutEnabled", "a"."LockoutEnd", "a"."NormalizedEmail", "a"."NormalizedUserName", "a"."PasswordHash", "a"."PhoneNumber", "a"."PhoneNumberConfirmed", "a"."SecurityStamp", "a"."TwoFactorEnabled", "a"."UserName"
FROM "AspNetUsers" AS "a"
WHERE "a"."NormalizedUserName" = @__normalizedUserName_0
LIMIT 1|url: https://localhost/auth/login|action: Login|Microsoft.EntityFrameworkCore.Diagnostics.EventDefinition`6.Log
2022-02-21 21:21:25.4852|0|INFO|Microsoft.EntityFrameworkCore.Database.Command|Executed DbCommand (3ms) [Parameters=[@__normalizedUserName_0='TEST1' (Size = 5)], CommandType='Text', CommandTimeout='30']
SELECT "a"."Id", "a"."AccessFailedCount", "a"."ConcurrencyStamp", "a"."Email", "a"."EmailConfirmed", "a"."LockoutEnabled", "a"."LockoutEnd", "a"."NormalizedEmail", "a"."NormalizedUserName", "a"."PasswordHash", "a"."PhoneNumber", "a"."PhoneNumberConfirmed", "a"."SecurityStamp", "a"."TwoFactorEnabled", "a"."UserName"
FROM "AspNetUsers" AS "a"
WHERE "a"."NormalizedUserName" = @__normalizedUserName_0
LIMIT 1|url: https://localhost/auth/login|action: Login|Microsoft.EntityFrameworkCore.Diagnostics.EventDefinition`6.Log
2022-02-21 21:21:27.6408|0|INFO|Microsoft.EntityFrameworkCore.Database.Command|Executed DbCommand (3ms) [Parameters=[@__normalizedUserName_0='TEST1' (Size = 5)], CommandType='Text', CommandTimeout='30']
SELECT "a"."Id", "a"."AccessFailedCount", "a"."ConcurrencyStamp", "a"."Email", "a"."EmailConfirmed", "a"."LockoutEnabled", "a"."LockoutEnd", "a"."NormalizedEmail", "a"."NormalizedUserName", "a"."PasswordHash", "a"."PhoneNumber", "a"."PhoneNumberConfirmed", "a"."SecurityStamp", "a"."TwoFactorEnabled", "a"."UserName"
FROM "AspNetUsers" AS "a"
WHERE "a"."NormalizedUserName" = @__normalizedUserName_0
LIMIT 1|url: https://localhost/auth/login|action: Login|Microsoft.EntityFrameworkCore.Diagnostics.EventDefinition`6.Log
2022-02-21 21:21:27.6880|0|INFO|Microsoft.EntityFrameworkCore.Database.Command|Executed DbCommand (5ms) [Parameters=[@__userId_0='9be5b572-9627-452a-b7ed-0ab187dbe1ca' (Size = 36)], CommandType='Text', CommandTimeout='30']
SELECT "a0"."Name"
FROM "AspNetUserRoles" AS "a"
INNER JOIN "AspNetRoles" AS "a0" ON "a"."RoleId" = "a0"."Id"
WHERE "a"."UserId" = @__userId_0|url: https://localhost/auth/login|action: Login|Microsoft.EntityFrameworkCore.Diagnostics.EventDefinition`6.Log
2022-02-21 21:21:30.4687|0|INFO|Microsoft.EntityFrameworkCore.Database.Command|Executed DbCommand (4ms) [Parameters=[@__date_Date_0='2022-02-21T00:00:00.0000000' (DbType = DateTime)], CommandType='Text', CommandTimeout='30']
SELECT "p"."Id", "p"."BeerMarkId", "p"."Date", "p"."Produced", "p"."Target", "b"."Id", "b"."Name"
FROM "ProductionStatictics" AS "p"
INNER JOIN "BeerMarks" AS "b" ON "p"."BeerMarkId" = "b"."Id"
WHERE rtrim(rtrim(strftime('%Y-%m-%d %H:%M:%f', "p"."Date", 'start of day'), '0'), '.') = @__date_Date_0|url: https://localhost/statistic/getStat|action: GetStatistic|Microsoft.EntityFrameworkCore.Diagnostics.EventDefinition`6.Log
2022-02-21 21:22:18.7821|0|INFO|Microsoft.EntityFrameworkCore.Database.Command|Executed DbCommand (11ms) [Parameters=[@__date_Date_0='2022-02-21T00:00:00.0000000' (DbType = DateTime)], CommandType='Text', CommandTimeout='30']
SELECT "p"."Id", "p"."BeerMarkId", "p"."Date", "p"."Produced", "p"."Target", "b"."Id", "b"."Name"
FROM "ProductionStatictics" AS "p"
INNER JOIN "BeerMarks" AS "b" ON "p"."BeerMarkId" = "b"."Id"
WHERE rtrim(rtrim(strftime('%Y-%m-%d %H:%M:%f', "p"."Date", 'start of day'), '0'), '.') = @__date_Date_0|url: https://localhost/statistic/getStat|action: GetStatistic|Microsoft.EntityFrameworkCore.Diagnostics.EventDefinition`6.Log
2022-02-21 21:22:26.4561|0|INFO|Microsoft.EntityFrameworkCore.Database.Command|Executed DbCommand (6ms) [Parameters=[@__normalizedUserName_0='QWE' (Size = 3)], CommandType='Text', CommandTimeout='30']
SELECT "a"."Id", "a"."AccessFailedCount", "a"."ConcurrencyStamp", "a"."Email", "a"."EmailConfirmed", "a"."LockoutEnabled", "a"."LockoutEnd", "a"."NormalizedEmail", "a"."NormalizedUserName", "a"."PasswordHash", "a"."PhoneNumber", "a"."PhoneNumberConfirmed", "a"."SecurityStamp", "a"."TwoFactorEnabled", "a"."UserName"
FROM "AspNetUsers" AS "a"
WHERE "a"."NormalizedUserName" = @__normalizedUserName_0
LIMIT 1|url: https://localhost/auth/login|action: Login|Microsoft.EntityFrameworkCore.Diagnostics.EventDefinition`6.Log
2022-02-21 21:22:31.7929|0|INFO|Microsoft.EntityFrameworkCore.Database.Command|Executed DbCommand (14ms) [Parameters=[@__normalizedUserName_0='TEST1' (Size = 5)], CommandType='Text', CommandTimeout='30']
SELECT "a"."Id", "a"."AccessFailedCount", "a"."ConcurrencyStamp", "a"."Email", "a"."EmailConfirmed", "a"."LockoutEnabled", "a"."LockoutEnd", "a"."NormalizedEmail", "a"."NormalizedUserName", "a"."PasswordHash", "a"."PhoneNumber", "a"."PhoneNumberConfirmed", "a"."SecurityStamp", "a"."TwoFactorEnabled", "a"."UserName"
FROM "AspNetUsers" AS "a"
WHERE "a"."NormalizedUserName" = @__normalizedUserName_0
LIMIT 1|url: https://localhost/auth/login|action: Login|Microsoft.EntityFrameworkCore.Diagnostics.EventDefinition`6.Log
2022-02-21 21:22:31.8150|0|INFO|Microsoft.EntityFrameworkCore.Database.Command|Executed DbCommand (3ms) [Parameters=[@__userId_0='9be5b572-9627-452a-b7ed-0ab187dbe1ca' (Size = 36)], CommandType='Text', CommandTimeout='30']
SELECT "a0"."Name"
FROM "AspNetUserRoles" AS "a"
INNER JOIN "AspNetRoles" AS "a0" ON "a"."RoleId" = "a0"."Id"
WHERE "a"."UserId" = @__userId_0|url: https://localhost/auth/login|action: Login|Microsoft.EntityFrameworkCore.Diagnostics.EventDefinition`6.Log
2022-02-21 21:22:34.5474|0|INFO|Microsoft.EntityFrameworkCore.Database.Command|Executed DbCommand (4ms) [Parameters=[@__date_Date_0='2022-02-21T00:00:00.0000000' (DbType = DateTime)], CommandType='Text', CommandTimeout='30']
SELECT "p"."Id", "p"."BeerMarkId", "p"."Date", "p"."Produced", "p"."Target", "b"."Id", "b"."Name"
FROM "ProductionStatictics" AS "p"
INNER JOIN "BeerMarks" AS "b" ON "p"."BeerMarkId" = "b"."Id"
WHERE rtrim(rtrim(strftime('%Y-%m-%d %H:%M:%f', "p"."Date", 'start of day'), '0'), '.') = @__date_Date_0|url: https://localhost/statistic/getStat|action: GetStatistic|Microsoft.EntityFrameworkCore.Diagnostics.EventDefinition`6.Log
2022-02-21 21:22:36.9853|0|INFO|Microsoft.EntityFrameworkCore.Database.Command|Executed DbCommand (3ms) [Parameters=[@__date_Date_0='2022-02-21T00:00:00.0000000' (DbType = DateTime)], CommandType='Text', CommandTimeout='30']
SELECT "p"."Id", "p"."BeerMarkId", "p"."Date", "p"."Produced", "p"."Target", "b"."Id", "b"."Name"
FROM "ProductionStatictics" AS "p"
INNER JOIN "BeerMarks" AS "b" ON "p"."BeerMarkId" = "b"."Id"
WHERE rtrim(rtrim(strftime('%Y-%m-%d %H:%M:%f', "p"."Date", 'start of day'), '0'), '.') = @__date_Date_0|url: https://localhost/statistic/getStat|action: GetStatistic|Microsoft.EntityFrameworkCore.Diagnostics.EventDefinition`6.Log
2022-02-21 21:22:39.2189|0|INFO|Microsoft.EntityFrameworkCore.Database.Command|Executed DbCommand (3ms) [Parameters=[@__date_Date_0='2022-02-11T00:00:00.0000000' (DbType = DateTime)], CommandType='Text', CommandTimeout='30']
SELECT "p"."Id", "p"."BeerMarkId", "p"."Date", "p"."Produced", "p"."Target", "b"."Id", "b"."Name"
FROM "ProductionStatictics" AS "p"
INNER JOIN "BeerMarks" AS "b" ON "p"."BeerMarkId" = "b"."Id"
WHERE rtrim(rtrim(strftime('%Y-%m-%d %H:%M:%f', "p"."Date", 'start of day'), '0'), '.') = @__date_Date_0|url: https://localhost/statistic/getStat|action: GetStatistic|Microsoft.EntityFrameworkCore.Diagnostics.EventDefinition`6.Log
2022-02-21 21:23:11.9533|0|INFO|Microsoft.EntityFrameworkCore.Database.Command|Executed DbCommand (2ms) [Parameters=[@__normalizedUserName_0='TEST1' (Size = 5)], CommandType='Text', CommandTimeout='30']
SELECT "a"."Id", "a"."AccessFailedCount", "a"."ConcurrencyStamp", "a"."Email", "a"."EmailConfirmed", "a"."LockoutEnabled", "a"."LockoutEnd", "a"."NormalizedEmail", "a"."NormalizedUserName", "a"."PasswordHash", "a"."PhoneNumber", "a"."PhoneNumberConfirmed", "a"."SecurityStamp", "a"."TwoFactorEnabled", "a"."UserName"
FROM "AspNetUsers" AS "a"
WHERE "a"."NormalizedUserName" = @__normalizedUserName_0
LIMIT 1|url: https://localhost/auth/login|action: Login|Microsoft.EntityFrameworkCore.Diagnostics.EventDefinition`6.Log
2022-02-21 21:23:11.9861|0|INFO|Microsoft.EntityFrameworkCore.Database.Command|Executed DbCommand (2ms) [Parameters=[@__userId_0='9be5b572-9627-452a-b7ed-0ab187dbe1ca' (Size = 36)], CommandType='Text', CommandTimeout='30']
SELECT "a0"."Name"
FROM "AspNetUserRoles" AS "a"
INNER JOIN "AspNetRoles" AS "a0" ON "a"."RoleId" = "a0"."Id"
WHERE "a"."UserId" = @__userId_0|url: https://localhost/auth/login|action: Login|Microsoft.EntityFrameworkCore.Diagnostics.EventDefinition`6.Log
2022-02-21 21:23:56.0632|0|INFO|Microsoft.EntityFrameworkCore.Database.Command|Executed DbCommand (1ms) [Parameters=[@__date_Date_0='2022-02-21T00:00:00.0000000' (DbType = DateTime)], CommandType='Text', CommandTimeout='30']
SELECT "p"."Id", "p"."BeerMarkId", "p"."Date", "p"."Produced", "p"."Target", "b"."Id", "b"."Name"
FROM "ProductionStatictics" AS "p"
INNER JOIN "BeerMarks" AS "b" ON "p"."BeerMarkId" = "b"."Id"
WHERE rtrim(rtrim(strftime('%Y-%m-%d %H:%M:%f', "p"."Date", 'start of day'), '0'), '.') = @__date_Date_0|url: https://localhost/statistic/getStat|action: GetStatistic|Microsoft.EntityFrameworkCore.Diagnostics.EventDefinition`6.Log
2022-02-21 21:24:12.0025|0|INFO|Microsoft.EntityFrameworkCore.Database.Command|Executed DbCommand (2ms) [Parameters=[@__normalizedUserName_0='ИМЯ' (Size = 3)], CommandType='Text', CommandTimeout='30']
SELECT "a"."Id", "a"."AccessFailedCount", "a"."ConcurrencyStamp", "a"."Email", "a"."EmailConfirmed", "a"."LockoutEnabled", "a"."LockoutEnd", "a"."NormalizedEmail", "a"."NormalizedUserName", "a"."PasswordHash", "a"."PhoneNumber", "a"."PhoneNumberConfirmed", "a"."SecurityStamp", "a"."TwoFactorEnabled", "a"."UserName"
FROM "AspNetUsers" AS "a"
WHERE "a"."NormalizedUserName" = @__normalizedUserName_0
LIMIT 1|url: https://localhost/auth/login|action: Login|Microsoft.EntityFrameworkCore.Diagnostics.EventDefinition`6.Log
2022-02-21 21:24:15.8914|0|INFO|Microsoft.EntityFrameworkCore.Database.Command|Executed DbCommand (1ms) [Parameters=[@__normalizedUserName_0='TEST1' (Size = 5)], CommandType='Text', CommandTimeout='30']
SELECT "a"."Id", "a"."AccessFailedCount", "a"."ConcurrencyStamp", "a"."Email", "a"."EmailConfirmed", "a"."LockoutEnabled", "a"."LockoutEnd", "a"."NormalizedEmail", "a"."NormalizedUserName", "a"."PasswordHash", "a"."PhoneNumber", "a"."PhoneNumberConfirmed", "a"."SecurityStamp", "a"."TwoFactorEnabled", "a"."UserName"
FROM "AspNetUsers" AS "a"
WHERE "a"."NormalizedUserName" = @__normalizedUserName_0
LIMIT 1|url: https://localhost/auth/login|action: Login|Microsoft.EntityFrameworkCore.Diagnostics.EventDefinition`6.Log
2022-02-21 21:24:15.9142|0|INFO|Microsoft.EntityFrameworkCore.Database.Command|Executed DbCommand (3ms) [Parameters=[@__userId_0='9be5b572-9627-452a-b7ed-0ab187dbe1ca' (Size = 36)], CommandType='Text', CommandTimeout='30']
SELECT "a0"."Name"
FROM "AspNetUserRoles" AS "a"
INNER JOIN "AspNetRoles" AS "a0" ON "a"."RoleId" = "a0"."Id"
WHERE "a"."UserId" = @__userId_0|url: https://localhost/auth/login|action: Login|Microsoft.EntityFrameworkCore.Diagnostics.EventDefinition`6.Log
2022-02-21 21:24:19.4692|0|INFO|Microsoft.EntityFrameworkCore.Database.Command|Executed DbCommand (1ms) [Parameters=[@__date_Date_0='2022-02-21T00:00:00.0000000' (DbType = DateTime)], CommandType='Text', CommandTimeout='30']
SELECT "p"."Id", "p"."BeerMarkId", "p"."Date", "p"."Produced", "p"."Target", "b"."Id", "b"."Name"
FROM "ProductionStatictics" AS "p"
INNER JOIN "BeerMarks" AS "b" ON "p"."BeerMarkId" = "b"."Id"
WHERE rtrim(rtrim(strftime('%Y-%m-%d %H:%M:%f', "p"."Date", 'start of day'), '0'), '.') = @__date_Date_0|url: https://localhost/statistic/getStat|action: GetStatistic|Microsoft.EntityFrameworkCore.Diagnostics.Internal.RelationalCommandDiagnosticsLogger.CommandReaderExecutedAsync
2022-02-21 21:25:07.6109|0|INFO|Microsoft.EntityFrameworkCore.Database.Command|Executed DbCommand (2ms) [Parameters=[@__normalizedUserName_0='TEST1' (Size = 5)], CommandType='Text', CommandTimeout='30']
SELECT "a"."Id", "a"."AccessFailedCount", "a"."ConcurrencyStamp", "a"."Email", "a"."EmailConfirmed", "a"."LockoutEnabled", "a"."LockoutEnd", "a"."NormalizedEmail", "a"."NormalizedUserName", "a"."PasswordHash", "a"."PhoneNumber", "a"."PhoneNumberConfirmed", "a"."SecurityStamp", "a"."TwoFactorEnabled", "a"."UserName"
FROM "AspNetUsers" AS "a"
WHERE "a"."NormalizedUserName" = @__normalizedUserName_0
LIMIT 1|url: https://localhost/auth/login|action: Login|Microsoft.EntityFrameworkCore.Diagnostics.Internal.RelationalCommandDiagnosticsLogger.CommandReaderExecutedAsync
2022-02-21 21:25:07.6429|0|INFO|Microsoft.EntityFrameworkCore.Database.Command|Executed DbCommand (4ms) [Parameters=[@__userId_0='9be5b572-9627-452a-b7ed-0ab187dbe1ca' (Size = 36)], CommandType='Text', CommandTimeout='30']
SELECT "a0"."Name"
FROM "AspNetUserRoles" AS "a"
INNER JOIN "AspNetRoles" AS "a0" ON "a"."RoleId" = "a0"."Id"
WHERE "a"."UserId" = @__userId_0|url: https://localhost/auth/login|action: Login|Microsoft.EntityFrameworkCore.Diagnostics.Internal.RelationalCommandDiagnosticsLogger.CommandReaderExecutedAsync
2022-02-21 21:25:12.3770|0|INFO|Microsoft.EntityFrameworkCore.Database.Command|Executed DbCommand (8ms) [Parameters=[@__date_Date_0='2022-02-21T00:00:00.0000000' (DbType = DateTime)], CommandType='Text', CommandTimeout='30']
SELECT "p"."Id", "p"."BeerMarkId", "p"."Date", "p"."Produced", "p"."Target", "b"."Id", "b"."Name"
FROM "ProductionStatictics" AS "p"
INNER JOIN "BeerMarks" AS "b" ON "p"."BeerMarkId" = "b"."Id"
WHERE rtrim(rtrim(strftime('%Y-%m-%d %H:%M:%f', "p"."Date", 'start of day'), '0'), '.') = @__date_Date_0|url: https://localhost/statistic/getStat|action: GetStatistic|Microsoft.EntityFrameworkCore.Diagnostics.Internal.RelationalCommandDiagnosticsLogger.CommandReaderExecutedAsync
2022-02-21 21:25:44.1897|0|INFO|Microsoft.EntityFrameworkCore.Database.Command|Executed DbCommand (1ms) [Parameters=[@__normalizedUserName_0='TEST2' (Size = 5)], CommandType='Text', CommandTimeout='30']
SELECT "a"."Id", "a"."AccessFailedCount", "a"."ConcurrencyStamp", "a"."Email", "a"."EmailConfirmed", "a"."LockoutEnabled", "a"."LockoutEnd", "a"."NormalizedEmail", "a"."NormalizedUserName", "a"."PasswordHash", "a"."PhoneNumber", "a"."PhoneNumberConfirmed", "a"."SecurityStamp", "a"."TwoFactorEnabled", "a"."UserName"
FROM "AspNetUsers" AS "a"
WHERE "a"."NormalizedUserName" = @__normalizedUserName_0
LIMIT 1|url: https://localhost/auth/login|action: Login|Microsoft.EntityFrameworkCore.Diagnostics.Internal.RelationalCommandDiagnosticsLogger.CommandReaderExecutedAsync
2022-02-21 21:25:44.2199|0|INFO|Microsoft.EntityFrameworkCore.Database.Command|Executed DbCommand (1ms) [Parameters=[@__userId_0='9cc7fe94-9dd0-4966-90fd-20cf5e6bb69f' (Size = 36)], CommandType='Text', CommandTimeout='30']
SELECT "a0"."Name"
FROM "AspNetUserRoles" AS "a"
INNER JOIN "AspNetRoles" AS "a0" ON "a"."RoleId" = "a0"."Id"
WHERE "a"."UserId" = @__userId_0|url: https://localhost/auth/login|action: Login|Microsoft.EntityFrameworkCore.Diagnostics.Internal.RelationalCommandDiagnosticsLogger.CommandReaderExecutedAsync
2022-02-21 21:25:46.8442|0|INFO|Microsoft.EntityFrameworkCore.Database.Command|Executed DbCommand (2ms) [Parameters=[@__date_Date_0='2022-02-21T00:00:00.0000000' (DbType = DateTime)], CommandType='Text', CommandTimeout='30']
SELECT "p"."Id", "p"."BeerMarkId", "p"."Date", "p"."Produced", "p"."Target", "b"."Id", "b"."Name"
FROM "ProductionStatictics" AS "p"
INNER JOIN "BeerMarks" AS "b" ON "p"."BeerMarkId" = "b"."Id"
WHERE rtrim(rtrim(strftime('%Y-%m-%d %H:%M:%f', "p"."Date", 'start of day'), '0'), '.') = @__date_Date_0|url: https://localhost/statistic/getStat|action: GetStatistic|Microsoft.EntityFrameworkCore.Diagnostics.Internal.RelationalCommandDiagnosticsLogger.CommandReaderExecutedAsync
2022-02-21 21:32:17.6935|0|INFO|Microsoft.EntityFrameworkCore.Database.Command|Executed DbCommand (71ms) [Parameters=[@__normalizedUserName_0='TEST11' (Size = 6)], CommandType='Text', CommandTimeout='30']
SELECT "a"."Id", "a"."AccessFailedCount", "a"."ConcurrencyStamp", "a"."Email", "a"."EmailConfirmed", "a"."LockoutEnabled", "a"."LockoutEnd", "a"."NormalizedEmail", "a"."NormalizedUserName", "a"."PasswordHash", "a"."PhoneNumber", "a"."PhoneNumberConfirmed", "a"."SecurityStamp", "a"."TwoFactorEnabled", "a"."UserName"
FROM "AspNetUsers" AS "a"
WHERE "a"."NormalizedUserName" = @__normalizedUserName_0
LIMIT 1|url: https://localhost/auth/login|action: Login|Microsoft.EntityFrameworkCore.Diagnostics.EventDefinition`6.Log
2022-02-21 21:33:04.4604|0|INFO|Microsoft.EntityFrameworkCore.Database.Command|Executed DbCommand (6ms) [Parameters=[@__normalizedUserName_0='TEST11' (Size = 6)], CommandType='Text', CommandTimeout='30']
SELECT "a"."Id", "a"."AccessFailedCount", "a"."ConcurrencyStamp", "a"."Email", "a"."EmailConfirmed", "a"."LockoutEnabled", "a"."LockoutEnd", "a"."NormalizedEmail", "a"."NormalizedUserName", "a"."PasswordHash", "a"."PhoneNumber", "a"."PhoneNumberConfirmed", "a"."SecurityStamp", "a"."TwoFactorEnabled", "a"."UserName"
FROM "AspNetUsers" AS "a"
WHERE "a"."NormalizedUserName" = @__normalizedUserName_0
LIMIT 1|url: https://localhost/auth/login|action: Login|Microsoft.EntityFrameworkCore.Diagnostics.EventDefinition`6.Log
2022-02-21 21:33:10.1728|0|INFO|Microsoft.EntityFrameworkCore.Database.Command|Executed DbCommand (4ms) [Parameters=[@__normalizedUserName_0='TEST11' (Size = 6)], CommandType='Text', CommandTimeout='30']
SELECT "a"."Id", "a"."AccessFailedCount", "a"."ConcurrencyStamp", "a"."Email", "a"."EmailConfirmed", "a"."LockoutEnabled", "a"."LockoutEnd", "a"."NormalizedEmail", "a"."NormalizedUserName", "a"."PasswordHash", "a"."PhoneNumber", "a"."PhoneNumberConfirmed", "a"."SecurityStamp", "a"."TwoFactorEnabled", "a"."UserName"
FROM "AspNetUsers" AS "a"
WHERE "a"."NormalizedUserName" = @__normalizedUserName_0
LIMIT 1|url: https://localhost/auth/login|action: Login|Microsoft.EntityFrameworkCore.Diagnostics.EventDefinition`6.Log
2022-02-21 22:37:15.6528|0|INFO|Microsoft.EntityFrameworkCore.Database.Command|Executed DbCommand (99ms) [Parameters=[@__normalizedUserName_0='TEST11' (Size = 6)], CommandType='Text', CommandTimeout='30']
SELECT "a"."Id", "a"."AccessFailedCount", "a"."ConcurrencyStamp", "a"."Email", "a"."EmailConfirmed", "a"."LockoutEnabled", "a"."LockoutEnd", "a"."NormalizedEmail", "a"."NormalizedUserName", "a"."PasswordHash", "a"."PhoneNumber", "a"."PhoneNumberConfirmed", "a"."SecurityStamp", "a"."TwoFactorEnabled", "a"."UserName"
FROM "AspNetUsers" AS "a"
WHERE "a"."NormalizedUserName" = @__normalizedUserName_0
LIMIT 1|url: https://localhost/auth/login|action: Login|Microsoft.EntityFrameworkCore.Diagnostics.EventDefinition`6.Log
2022-02-21 22:38:35.5972|0|INFO|Microsoft.EntityFrameworkCore.Database.Command|Executed DbCommand (3ms) [Parameters=[@__normalizedUserName_0='TEST1' (Size = 5)], CommandType='Text', CommandTimeout='30']
SELECT "a"."Id", "a"."AccessFailedCount", "a"."ConcurrencyStamp", "a"."Email", "a"."EmailConfirmed", "a"."LockoutEnabled", "a"."LockoutEnd", "a"."NormalizedEmail", "a"."NormalizedUserName", "a"."PasswordHash", "a"."PhoneNumber", "a"."PhoneNumberConfirmed", "a"."SecurityStamp", "a"."TwoFactorEnabled", "a"."UserName"
FROM "AspNetUsers" AS "a"
WHERE "a"."NormalizedUserName" = @__normalizedUserName_0
LIMIT 1|url: https://localhost/auth/login|action: Login|Microsoft.EntityFrameworkCore.Diagnostics.EventDefinition`6.Log
2022-02-21 22:41:27.9878|0|INFO|Microsoft.EntityFrameworkCore.Database.Command|Executed DbCommand (5ms) [Parameters=[@__normalizedUserName_0='TEST1' (Size = 5)], CommandType='Text', CommandTimeout='30']
SELECT "a"."Id", "a"."AccessFailedCount", "a"."ConcurrencyStamp", "a"."Email", "a"."EmailConfirmed", "a"."LockoutEnabled", "a"."LockoutEnd", "a"."NormalizedEmail", "a"."NormalizedUserName", "a"."PasswordHash", "a"."PhoneNumber", "a"."PhoneNumberConfirmed", "a"."SecurityStamp", "a"."TwoFactorEnabled", "a"."UserName"
FROM "AspNetUsers" AS "a"
WHERE "a"."NormalizedUserName" = @__normalizedUserName_0
LIMIT 1|url: https://localhost/auth/login|action: Login|Microsoft.EntityFrameworkCore.Diagnostics.EventDefinition`6.Log
2022-02-21 22:54:12.9495|0|INFO|Microsoft.EntityFrameworkCore.Database.Command|Executed DbCommand (92ms) [Parameters=[@__normalizedUserName_0='TEST1' (Size = 5)], CommandType='Text', CommandTimeout='30']
SELECT "a"."Id", "a"."AccessFailedCount", "a"."ConcurrencyStamp", "a"."Email", "a"."EmailConfirmed", "a"."LockoutEnabled", "a"."LockoutEnd", "a"."NormalizedEmail", "a"."NormalizedUserName", "a"."PasswordHash", "a"."PhoneNumber", "a"."PhoneNumberConfirmed", "a"."SecurityStamp", "a"."TwoFactorEnabled", "a"."UserName"
FROM "AspNetUsers" AS "a"
WHERE "a"."NormalizedUserName" = @__normalizedUserName_0
LIMIT 1|url: https://localhost/auth/login|action: Login|Microsoft.EntityFrameworkCore.Diagnostics.EventDefinition`6.Log
2022-02-21 23:02:17.7366|0|INFO|Microsoft.EntityFrameworkCore.Database.Command|Executed DbCommand (2ms) [Parameters=[@__normalizedUserName_0='TEST1' (Size = 5)], CommandType='Text', CommandTimeout='30']
SELECT "a"."Id", "a"."AccessFailedCount", "a"."ConcurrencyStamp", "a"."Email", "a"."EmailConfirmed", "a"."LockoutEnabled", "a"."LockoutEnd", "a"."NormalizedEmail", "a"."NormalizedUserName", "a"."PasswordHash", "a"."PhoneNumber", "a"."PhoneNumberConfirmed", "a"."SecurityStamp", "a"."TwoFactorEnabled", "a"."UserName"
FROM "AspNetUsers" AS "a"
WHERE "a"."NormalizedUserName" = @__normalizedUserName_0
LIMIT 1|url: https://localhost/auth/login|action: Login|Microsoft.EntityFrameworkCore.Diagnostics.EventDefinition`6.Log
2022-02-21 23:02:17.8748|0|INFO|Microsoft.EntityFrameworkCore.Database.Command|Executed DbCommand (1ms) [Parameters=[@__userId_0='9be5b572-9627-452a-b7ed-0ab187dbe1ca' (Size = 36)], CommandType='Text', CommandTimeout='30']
SELECT "a0"."Name"
FROM "AspNetUserRoles" AS "a"
INNER JOIN "AspNetRoles" AS "a0" ON "a"."RoleId" = "a0"."Id"
WHERE "a"."UserId" = @__userId_0|url: https://localhost/auth/login|action: Login|Microsoft.EntityFrameworkCore.Diagnostics.EventDefinition`6.Log
2022-02-21 23:02:21.1568|0|INFO|Microsoft.EntityFrameworkCore.Database.Command|Executed DbCommand (2ms) [Parameters=[@__date_Date_0='2022-02-21T00:00:00.0000000' (DbType = DateTime)], CommandType='Text', CommandTimeout='30']
SELECT "p"."Id", "p"."BeerMarkId", "p"."Date", "p"."Produced", "p"."Target", "b"."Id", "b"."Name"
FROM "ProductionStatictics" AS "p"
INNER JOIN "BeerMarks" AS "b" ON "p"."BeerMarkId" = "b"."Id"
WHERE rtrim(rtrim(strftime('%Y-%m-%d %H:%M:%f', "p"."Date", 'start of day'), '0'), '.') = @__date_Date_0|url: https://localhost/statistic/getStat|action: GetStatistic|Microsoft.EntityFrameworkCore.Diagnostics.EventDefinition`6.Log
2022-02-21 23:02:23.6736|0|INFO|Microsoft.EntityFrameworkCore.Database.Command|Executed DbCommand (1ms) [Parameters=[@__date_Date_0='2022-02-18T00:00:00.0000000' (DbType = DateTime)], CommandType='Text', CommandTimeout='30']
SELECT "p"."Id", "p"."BeerMarkId", "p"."Date", "p"."Produced", "p"."Target", "b"."Id", "b"."Name"
FROM "ProductionStatictics" AS "p"
INNER JOIN "BeerMarks" AS "b" ON "p"."BeerMarkId" = "b"."Id"
WHERE rtrim(rtrim(strftime('%Y-%m-%d %H:%M:%f', "p"."Date", 'start of day'), '0'), '.') = @__date_Date_0|url: https://localhost/statistic/getStat|action: GetStatistic|Microsoft.EntityFrameworkCore.Diagnostics.EventDefinition`6.Log
2022-02-21 23:02:26.7342|0|INFO|Microsoft.EntityFrameworkCore.Database.Command|Executed DbCommand (1ms) [Parameters=[@__date_Date_0='2022-02-11T00:00:00.0000000' (DbType = DateTime)], CommandType='Text', CommandTimeout='30']
SELECT "p"."Id", "p"."BeerMarkId", "p"."Date", "p"."Produced", "p"."Target", "b"."Id", "b"."Name"
FROM "ProductionStatictics" AS "p"
INNER JOIN "BeerMarks" AS "b" ON "p"."BeerMarkId" = "b"."Id"
WHERE rtrim(rtrim(strftime('%Y-%m-%d %H:%M:%f', "p"."Date", 'start of day'), '0'), '.') = @__date_Date_0|url: https://localhost/statistic/getStat|action: GetStatistic|Microsoft.EntityFrameworkCore.Diagnostics.EventDefinition`6.Log
2022-02-21 23:08:10.5799|0|INFO|Microsoft.EntityFrameworkCore.Database.Command|Executed DbCommand (1ms) [Parameters=[@__normalizedUserName_0='TEST1' (Size = 5)], CommandType='Text', CommandTimeout='30']
SELECT "a"."Id", "a"."AccessFailedCount", "a"."ConcurrencyStamp", "a"."Email", "a"."EmailConfirmed", "a"."LockoutEnabled", "a"."LockoutEnd", "a"."NormalizedEmail", "a"."NormalizedUserName", "a"."PasswordHash", "a"."PhoneNumber", "a"."PhoneNumberConfirmed", "a"."SecurityStamp", "a"."TwoFactorEnabled", "a"."UserName"
FROM "AspNetUsers" AS "a"
WHERE "a"."NormalizedUserName" = @__normalizedUserName_0
LIMIT 1|url: https://localhost/auth/login|action: Login|Microsoft.EntityFrameworkCore.Diagnostics.EventDefinition`6.Log
2022-02-21 23:08:59.2195|0|INFO|Microsoft.EntityFrameworkCore.Database.Command|Executed DbCommand (4ms) [Parameters=[@__normalizedUserName_0='TEST1' (Size = 5)], CommandType='Text', CommandTimeout='30']
SELECT "a"."Id", "a"."AccessFailedCount", "a"."ConcurrencyStamp", "a"."Email", "a"."EmailConfirmed", "a"."LockoutEnabled", "a"."LockoutEnd", "a"."NormalizedEmail", "a"."NormalizedUserName", "a"."PasswordHash", "a"."PhoneNumber", "a"."PhoneNumberConfirmed", "a"."SecurityStamp", "a"."TwoFactorEnabled", "a"."UserName"
FROM "AspNetUsers" AS "a"
WHERE "a"."NormalizedUserName" = @__normalizedUserName_0
LIMIT 1|url: https://localhost/auth/login|action: Login|Microsoft.EntityFrameworkCore.Diagnostics.EventDefinition`6.Log
2022-02-21 23:10:54.8302|0|INFO|Microsoft.EntityFrameworkCore.Database.Command|Executed DbCommand (1ms) [Parameters=[@__normalizedUserName_0='TEST1' (Size = 5)], CommandType='Text', CommandTimeout='30']
SELECT "a"."Id", "a"."AccessFailedCount", "a"."ConcurrencyStamp", "a"."Email", "a"."EmailConfirmed", "a"."LockoutEnabled", "a"."LockoutEnd", "a"."NormalizedEmail", "a"."NormalizedUserName", "a"."PasswordHash", "a"."PhoneNumber", "a"."PhoneNumberConfirmed", "a"."SecurityStamp", "a"."TwoFactorEnabled", "a"."UserName"
FROM "AspNetUsers" AS "a"
WHERE "a"."NormalizedUserName" = @__normalizedUserName_0
LIMIT 1|url: https://localhost/auth/login|action: Login|Microsoft.EntityFrameworkCore.Diagnostics.EventDefinition`6.Log
2022-02-21 23:19:22.9535|0|INFO|Microsoft.EntityFrameworkCore.Database.Command|Executed DbCommand (2ms) [Parameters=[@__normalizedUserName_0='TEST1' (Size = 5)], CommandType='Text', CommandTimeout='30']
SELECT "a"."Id", "a"."AccessFailedCount", "a"."ConcurrencyStamp", "a"."Email", "a"."EmailConfirmed", "a"."LockoutEnabled", "a"."LockoutEnd", "a"."NormalizedEmail", "a"."NormalizedUserName", "a"."PasswordHash", "a"."PhoneNumber", "a"."PhoneNumberConfirmed", "a"."SecurityStamp", "a"."TwoFactorEnabled", "a"."UserName"
FROM "AspNetUsers" AS "a"
WHERE "a"."NormalizedUserName" = @__normalizedUserName_0
LIMIT 1|url: https://localhost/auth/login|action: Login|Microsoft.EntityFrameworkCore.Diagnostics.EventDefinition`6.Log
2022-02-21 23:20:02.7509|0|INFO|Microsoft.EntityFrameworkCore.Database.Command|Executed DbCommand (1ms) [Parameters=[@__normalizedUserName_0='TEST1' (Size = 5)], CommandType='Text', CommandTimeout='30']
SELECT "a"."Id", "a"."AccessFailedCount", "a"."ConcurrencyStamp", "a"."Email", "a"."EmailConfirmed", "a"."LockoutEnabled", "a"."LockoutEnd", "a"."NormalizedEmail", "a"."NormalizedUserName", "a"."PasswordHash", "a"."PhoneNumber", "a"."PhoneNumberConfirmed", "a"."SecurityStamp", "a"."TwoFactorEnabled", "a"."UserName"
FROM "AspNetUsers" AS "a"
WHERE "a"."NormalizedUserName" = @__normalizedUserName_0
LIMIT 1|url: https://localhost/auth/login|action: Login|Microsoft.EntityFrameworkCore.Diagnostics.EventDefinition`6.Log
2022-02-21 23:21:33.8917|0|INFO|Microsoft.EntityFrameworkCore.Database.Command|Executed DbCommand (3ms) [Parameters=[@__normalizedUserName_0='TEST1' (Size = 5)], CommandType='Text', CommandTimeout='30']
SELECT "a"."Id", "a"."AccessFailedCount", "a"."ConcurrencyStamp", "a"."Email", "a"."EmailConfirmed", "a"."LockoutEnabled", "a"."LockoutEnd", "a"."NormalizedEmail", "a"."NormalizedUserName", "a"."PasswordHash", "a"."PhoneNumber", "a"."PhoneNumberConfirmed", "a"."SecurityStamp", "a"."TwoFactorEnabled", "a"."UserName"
FROM "AspNetUsers" AS "a"
WHERE "a"."NormalizedUserName" = @__normalizedUserName_0
LIMIT 1|url: https://localhost/auth/login|action: Login|Microsoft.EntityFrameworkCore.Diagnostics.EventDefinition`6.Log
2022-02-21 23:21:33.9156|0|INFO|Microsoft.EntityFrameworkCore.Database.Command|Executed DbCommand (1ms) [Parameters=[@__userId_0='9be5b572-9627-452a-b7ed-0ab187dbe1ca' (Size = 36)], CommandType='Text', CommandTimeout='30']
SELECT "a0"."Name"
FROM "AspNetUserRoles" AS "a"
INNER JOIN "AspNetRoles" AS "a0" ON "a"."RoleId" = "a0"."Id"
WHERE "a"."UserId" = @__userId_0|url: https://localhost/auth/login|action: Login|Microsoft.EntityFrameworkCore.Diagnostics.EventDefinition`6.Log
2022-02-21 23:22:40.5637|0|INFO|Microsoft.EntityFrameworkCore.Database.Command|Executed DbCommand (1ms) [Parameters=[@__normalizedUserName_0='TEST1' (Size = 5)], CommandType='Text', CommandTimeout='30']
SELECT "a"."Id", "a"."AccessFailedCount", "a"."ConcurrencyStamp", "a"."Email", "a"."EmailConfirmed", "a"."LockoutEnabled", "a"."LockoutEnd", "a"."NormalizedEmail", "a"."NormalizedUserName", "a"."PasswordHash", "a"."PhoneNumber", "a"."PhoneNumberConfirmed", "a"."SecurityStamp", "a"."TwoFactorEnabled", "a"."UserName"
FROM "AspNetUsers" AS "a"
WHERE "a"."NormalizedUserName" = @__normalizedUserName_0
LIMIT 1|url: https://localhost/auth/login|action: Login|Microsoft.EntityFrameworkCore.Diagnostics.EventDefinition`6.Log
2022-02-21 23:23:21.3766|0|INFO|Microsoft.EntityFrameworkCore.Database.Command|Executed DbCommand (1ms) [Parameters=[@__normalizedUserName_0='TEST1' (Size = 5)], CommandType='Text', CommandTimeout='30']
SELECT "a"."Id", "a"."AccessFailedCount", "a"."ConcurrencyStamp", "a"."Email", "a"."EmailConfirmed", "a"."LockoutEnabled", "a"."LockoutEnd", "a"."NormalizedEmail", "a"."NormalizedUserName", "a"."PasswordHash", "a"."PhoneNumber", "a"."PhoneNumberConfirmed", "a"."SecurityStamp", "a"."TwoFactorEnabled", "a"."UserName"
FROM "AspNetUsers" AS "a"
WHERE "a"."NormalizedUserName" = @__normalizedUserName_0
LIMIT 1|url: https://localhost/auth/login|action: Login|Microsoft.EntityFrameworkCore.Diagnostics.EventDefinition`6.Log
2022-02-21 23:24:51.8442|0|INFO|Microsoft.EntityFrameworkCore.Database.Command|Executed DbCommand (1ms) [Parameters=[@__normalizedUserName_0='TEST1' (Size = 5)], CommandType='Text', CommandTimeout='30']
SELECT "a"."Id", "a"."AccessFailedCount", "a"."ConcurrencyStamp", "a"."Email", "a"."EmailConfirmed", "a"."LockoutEnabled", "a"."LockoutEnd", "a"."NormalizedEmail", "a"."NormalizedUserName", "a"."PasswordHash", "a"."PhoneNumber", "a"."PhoneNumberConfirmed", "a"."SecurityStamp", "a"."TwoFactorEnabled", "a"."UserName"
FROM "AspNetUsers" AS "a"
WHERE "a"."NormalizedUserName" = @__normalizedUserName_0
LIMIT 1|url: https://localhost/auth/login|action: Login|Microsoft.EntityFrameworkCore.Diagnostics.EventDefinition`6.Log
2022-02-21 23:26:13.6576|0|INFO|Microsoft.EntityFrameworkCore.Database.Command|Executed DbCommand (1ms) [Parameters=[@__normalizedUserName_0='TEST1' (Size = 5)], CommandType='Text', CommandTimeout='30']
SELECT "a"."Id", "a"."AccessFailedCount", "a"."ConcurrencyStamp", "a"."Email", "a"."EmailConfirmed", "a"."LockoutEnabled", "a"."LockoutEnd", "a"."NormalizedEmail", "a"."NormalizedUserName", "a"."PasswordHash", "a"."PhoneNumber", "a"."PhoneNumberConfirmed", "a"."SecurityStamp", "a"."TwoFactorEnabled", "a"."UserName"
FROM "AspNetUsers" AS "a"
WHERE "a"."NormalizedUserName" = @__normalizedUserName_0
LIMIT 1|url: https://localhost/auth/login|action: Login|Microsoft.EntityFrameworkCore.Diagnostics.EventDefinition`6.Log
2022-02-21 23:27:06.4695|0|INFO|Microsoft.EntityFrameworkCore.Database.Command|Executed DbCommand (1ms) [Parameters=[@__normalizedUserName_0='TEST1' (Size = 5)], CommandType='Text', CommandTimeout='30']
SELECT "a"."Id", "a"."AccessFailedCount", "a"."ConcurrencyStamp", "a"."Email", "a"."EmailConfirmed", "a"."LockoutEnabled", "a"."LockoutEnd", "a"."NormalizedEmail", "a"."NormalizedUserName", "a"."PasswordHash", "a"."PhoneNumber", "a"."PhoneNumberConfirmed", "a"."SecurityStamp", "a"."TwoFactorEnabled", "a"."UserName"
FROM "AspNetUsers" AS "a"
WHERE "a"."NormalizedUserName" = @__normalizedUserName_0
LIMIT 1|url: https://localhost/auth/login|action: Login|Microsoft.EntityFrameworkCore.Diagnostics.EventDefinition`6.Log
2022-02-21 23:27:54.4851|0|INFO|Microsoft.EntityFrameworkCore.Database.Command|Executed DbCommand (1ms) [Parameters=[@__normalizedUserName_0='TEST1' (Size = 5)], CommandType='Text', CommandTimeout='30']
SELECT "a"."Id", "a"."AccessFailedCount", "a"."ConcurrencyStamp", "a"."Email", "a"."EmailConfirmed", "a"."LockoutEnabled", "a"."LockoutEnd", "a"."NormalizedEmail", "a"."NormalizedUserName", "a"."PasswordHash", "a"."PhoneNumber", "a"."PhoneNumberConfirmed", "a"."SecurityStamp", "a"."TwoFactorEnabled", "a"."UserName"
FROM "AspNetUsers" AS "a"
WHERE "a"."NormalizedUserName" = @__normalizedUserName_0
LIMIT 1|url: https://localhost/auth/login|action: Login|Microsoft.EntityFrameworkCore.Diagnostics.EventDefinition`6.Log
2022-02-21 23:27:59.0161|0|INFO|Microsoft.EntityFrameworkCore.Database.Command|Executed DbCommand (1ms) [Parameters=[@__normalizedUserName_0='TEST1' (Size = 5)], CommandType='Text', CommandTimeout='30']
SELECT "a"."Id", "a"."AccessFailedCount", "a"."ConcurrencyStamp", "a"."Email", "a"."EmailConfirmed", "a"."LockoutEnabled", "a"."LockoutEnd", "a"."NormalizedEmail", "a"."NormalizedUserName", "a"."PasswordHash", "a"."PhoneNumber", "a"."PhoneNumberConfirmed", "a"."SecurityStamp", "a"."TwoFactorEnabled", "a"."UserName"
FROM "AspNetUsers" AS "a"
WHERE "a"."NormalizedUserName" = @__normalizedUserName_0
LIMIT 1|url: https://localhost/auth/login|action: Login|Microsoft.EntityFrameworkCore.Diagnostics.EventDefinition`6.Log
2022-02-21 23:28:53.6889|0|INFO|Microsoft.EntityFrameworkCore.Database.Command|Executed DbCommand (1ms) [Parameters=[@__normalizedUserName_0='TEST1' (Size = 5)], CommandType='Text', CommandTimeout='30']
SELECT "a"."Id", "a"."AccessFailedCount", "a"."ConcurrencyStamp", "a"."Email", "a"."EmailConfirmed", "a"."LockoutEnabled", "a"."LockoutEnd", "a"."NormalizedEmail", "a"."NormalizedUserName", "a"."PasswordHash", "a"."PhoneNumber", "a"."PhoneNumberConfirmed", "a"."SecurityStamp", "a"."TwoFactorEnabled", "a"."UserName"
FROM "AspNetUsers" AS "a"
WHERE "a"."NormalizedUserName" = @__normalizedUserName_0
LIMIT 1|url: https://localhost/auth/login|action: Login|Microsoft.EntityFrameworkCore.Diagnostics.EventDefinition`6.Log
2022-02-21 23:30:09.9689|0|INFO|Microsoft.EntityFrameworkCore.Database.Command|Executed DbCommand (2ms) [Parameters=[@__normalizedUserName_0='TEST1' (Size = 5)], CommandType='Text', CommandTimeout='30']
SELECT "a"."Id", "a"."AccessFailedCount", "a"."ConcurrencyStamp", "a"."Email", "a"."EmailConfirmed", "a"."LockoutEnabled", "a"."LockoutEnd", "a"."NormalizedEmail", "a"."NormalizedUserName", "a"."PasswordHash", "a"."PhoneNumber", "a"."PhoneNumberConfirmed", "a"."SecurityStamp", "a"."TwoFactorEnabled", "a"."UserName"
FROM "AspNetUsers" AS "a"
WHERE "a"."NormalizedUserName" = @__normalizedUserName_0
LIMIT 1|url: https://localhost/auth/login|action: Login|Microsoft.EntityFrameworkCore.Diagnostics.EventDefinition`6.Log
2022-02-21 23:31:17.1563|0|INFO|Microsoft.EntityFrameworkCore.Database.Command|Executed DbCommand (1ms) [Parameters=[@__normalizedUserName_0='TEST1' (Size = 5)], CommandType='Text', CommandTimeout='30']
SELECT "a"."Id", "a"."AccessFailedCount", "a"."ConcurrencyStamp", "a"."Email", "a"."EmailConfirmed", "a"."LockoutEnabled", "a"."LockoutEnd", "a"."NormalizedEmail", "a"."NormalizedUserName", "a"."PasswordHash", "a"."PhoneNumber", "a"."PhoneNumberConfirmed", "a"."SecurityStamp", "a"."TwoFactorEnabled", "a"."UserName"
FROM "AspNetUsers" AS "a"
WHERE "a"."NormalizedUserName" = @__normalizedUserName_0
LIMIT 1|url: https://localhost/auth/login|action: Login|Microsoft.EntityFrameworkCore.Diagnostics.EventDefinition`6.Log
2022-02-21 23:36:29.1572|0|INFO|Microsoft.EntityFrameworkCore.Database.Command|Executed DbCommand (2ms) [Parameters=[@__date_Date_0='2022-02-21T00:00:00.0000000' (DbType = DateTime)], CommandType='Text', CommandTimeout='30']
SELECT "p"."Id", "p"."BeerMarkId", "p"."Date", "p"."Produced", "p"."Target", "b"."Id", "b"."Name"
FROM "ProductionStatictics" AS "p"
INNER JOIN "BeerMarks" AS "b" ON "p"."BeerMarkId" = "b"."Id"
WHERE rtrim(rtrim(strftime('%Y-%m-%d %H:%M:%f', "p"."Date", 'start of day'), '0'), '.') = @__date_Date_0|url: https://localhost/statistic/getStat|action: GetStatistic|Microsoft.EntityFrameworkCore.Diagnostics.EventDefinition`6.Log
2022-02-21 23:36:31.7657|0|INFO|Microsoft.EntityFrameworkCore.Database.Command|Executed DbCommand (1ms) [Parameters=[@__date_Date_0='2022-02-21T00:00:00.0000000' (DbType = DateTime)], CommandType='Text', CommandTimeout='30']
SELECT "p"."Id", "p"."BeerMarkId", "p"."Date", "p"."Produced", "p"."Target", "b"."Id", "b"."Name"
FROM "ProductionStatictics" AS "p"
INNER JOIN "BeerMarks" AS "b" ON "p"."BeerMarkId" = "b"."Id"
WHERE rtrim(rtrim(strftime('%Y-%m-%d %H:%M:%f', "p"."Date", 'start of day'), '0'), '.') = @__date_Date_0|url: https://localhost/statistic/getStat|action: GetStatistic|Microsoft.EntityFrameworkCore.Diagnostics.EventDefinition`6.Log
2022-02-21 23:36:34.9849|0|INFO|Microsoft.EntityFrameworkCore.Database.Command|Executed DbCommand (1ms) [Parameters=[@__date_Date_0='2022-02-11T00:00:00.0000000' (DbType = DateTime)], CommandType='Text', CommandTimeout='30']
SELECT "p"."Id", "p"."BeerMarkId", "p"."Date", "p"."Produced", "p"."Target", "b"."Id", "b"."Name"
FROM "ProductionStatictics" AS "p"
INNER JOIN "BeerMarks" AS "b" ON "p"."BeerMarkId" = "b"."Id"
WHERE rtrim(rtrim(strftime('%Y-%m-%d %H:%M:%f', "p"."Date", 'start of day'), '0'), '.') = @__date_Date_0|url: https://localhost/statistic/getStat|action: GetStatistic|Microsoft.EntityFrameworkCore.Diagnostics.EventDefinition`6.Log
2022-02-21 23:36:38.0171|0|INFO|Microsoft.EntityFrameworkCore.Database.Command|Executed DbCommand (1ms) [Parameters=[@__date_Date_0='2022-02-18T00:00:00.0000000' (DbType = DateTime)], CommandType='Text', CommandTimeout='30']
SELECT "p"."Id", "p"."BeerMarkId", "p"."Date", "p"."Produced", "p"."Target", "b"."Id", "b"."Name"
FROM "ProductionStatictics" AS "p"
INNER JOIN "BeerMarks" AS "b" ON "p"."BeerMarkId" = "b"."Id"
WHERE rtrim(rtrim(strftime('%Y-%m-%d %H:%M:%f', "p"."Date", 'start of day'), '0'), '.') = @__date_Date_0|url: https://localhost/statistic/getStat|action: GetStatistic|Microsoft.EntityFrameworkCore.Diagnostics.EventDefinition`6.Log
2022-02-21 23:36:55.1101|0|INFO|Microsoft.EntityFrameworkCore.Database.Command|Executed DbCommand (1ms) [Parameters=[@__date_Date_0='2022-02-21T00:00:00.0000000' (DbType = DateTime)], CommandType='Text', CommandTimeout='30']
SELECT "p"."Id", "p"."BeerMarkId", "p"."Date", "p"."Produced", "p"."Target", "b"."Id", "b"."Name"
FROM "ProductionStatictics" AS "p"
INNER JOIN "BeerMarks" AS "b" ON "p"."BeerMarkId" = "b"."Id"
WHERE rtrim(rtrim(strftime('%Y-%m-%d %H:%M:%f', "p"."Date", 'start of day'), '0'), '.') = @__date_Date_0|url: https://localhost/statistic/getStat|action: GetStatistic|Microsoft.EntityFrameworkCore.Diagnostics.EventDefinition`6.Log
2022-02-21 23:45:14.0795|0|INFO|Microsoft.EntityFrameworkCore.Database.Command|Executed DbCommand (1ms) [Parameters=[@__normalizedUserName_0='TEST1' (Size = 5)], CommandType='Text', CommandTimeout='30']
SELECT "a"."Id", "a"."AccessFailedCount", "a"."ConcurrencyStamp", "a"."Email", "a"."EmailConfirmed", "a"."LockoutEnabled", "a"."LockoutEnd", "a"."NormalizedEmail", "a"."NormalizedUserName", "a"."PasswordHash", "a"."PhoneNumber", "a"."PhoneNumberConfirmed", "a"."SecurityStamp", "a"."TwoFactorEnabled", "a"."UserName"
FROM "AspNetUsers" AS "a"
WHERE "a"."NormalizedUserName" = @__normalizedUserName_0
LIMIT 1|url: https://localhost/auth/login|action: Login|Microsoft.EntityFrameworkCore.Diagnostics.EventDefinition`6.Log
2022-02-21 23:45:31.0473|0|INFO|Microsoft.EntityFrameworkCore.Database.Command|Executed DbCommand (1ms) [Parameters=[@__normalizedUserName_0='TEST1' (Size = 5)], CommandType='Text', CommandTimeout='30']
SELECT "a"."Id", "a"."AccessFailedCount", "a"."ConcurrencyStamp", "a"."Email", "a"."EmailConfirmed", "a"."LockoutEnabled", "a"."LockoutEnd", "a"."NormalizedEmail", "a"."NormalizedUserName", "a"."PasswordHash", "a"."PhoneNumber", "a"."PhoneNumberConfirmed", "a"."SecurityStamp", "a"."TwoFactorEnabled", "a"."UserName"
FROM "AspNetUsers" AS "a"
WHERE "a"."NormalizedUserName" = @__normalizedUserName_0
LIMIT 1|url: https://localhost/auth/login|action: Login|Microsoft.EntityFrameworkCore.Diagnostics.EventDefinition`6.Log
